{"/home/btpl-lap-22/live/react-app/src/App.tsx": {"path":"/home/btpl-lap-22/live/react-app/src/App.tsx","statementMap":{"0":{"start":{"line":9,"column":13},"end":{"line":151,"column":null}},"1":{"start":{"line":10,"column":19},"end":{"line":10,"column":34}},"2":{"start":{"line":11,"column":21},"end":{"line":11,"column":null}},"3":{"start":{"line":11,"column":43},"end":{"line":11,"column":58}},"4":{"start":{"line":12,"column":25},"end":{"line":12,"column":null}},"5":{"start":{"line":12,"column":47},"end":{"line":12,"column":66}},"6":{"start":{"line":13,"column":16},"end":{"line":13,"column":null}},"7":{"start":{"line":13,"column":38},"end":{"line":13,"column":48}},"8":{"start":{"line":15,"column":17},"end":{"line":15,"column":null}},"9":{"start":{"line":17,"column":26},"end":{"line":23,"column":null}},"10":{"start":{"line":19,"column":6},"end":{"line":19,"column":null}},"11":{"start":{"line":20,"column":6},"end":{"line":20,"column":null}},"12":{"start":{"line":25,"column":27},"end":{"line":27,"column":null}},"13":{"start":{"line":26,"column":4},"end":{"line":26,"column":null}},"14":{"start":{"line":29,"column":22},"end":{"line":31,"column":null}},"15":{"start":{"line":30,"column":4},"end":{"line":30,"column":null}},"16":{"start":{"line":33,"column":2},"end":{"line":149,"column":null}},"17":{"start":{"line":90,"column":27},"end":{"line":90,"column":null}},"18":{"start":{"line":99,"column":29},"end":{"line":99,"column":null}},"19":{"start":{"line":111,"column":29},"end":{"line":111,"column":null}}},"fnMap":{"0":{"name":"(anonymous_0)","decl":{"start":{"line":9,"column":13},"end":{"line":9,"column":35}},"loc":{"start":{"line":9,"column":35},"end":{"line":151,"column":null}},"line":9},"1":{"name":"(anonymous_1)","decl":{"start":{"line":11,"column":21},"end":{"line":11,"column":37}},"loc":{"start":{"line":11,"column":43},"end":{"line":11,"column":58}},"line":11},"2":{"name":"(anonymous_2)","decl":{"start":{"line":12,"column":25},"end":{"line":12,"column":41}},"loc":{"start":{"line":12,"column":47},"end":{"line":12,"column":66}},"line":12},"3":{"name":"(anonymous_3)","decl":{"start":{"line":13,"column":16},"end":{"line":13,"column":32}},"loc":{"start":{"line":13,"column":38},"end":{"line":13,"column":48}},"line":13},"4":{"name":"(anonymous_4)","decl":{"start":{"line":17,"column":26},"end":{"line":17,"column":null}},"loc":{"start":{"line":18,"column":42},"end":{"line":21,"column":null}},"line":18},"5":{"name":"(anonymous_5)","decl":{"start":{"line":25,"column":27},"end":{"line":25,"column":45}},"loc":{"start":{"line":25,"column":45},"end":{"line":27,"column":5}},"line":25},"6":{"name":"(anonymous_6)","decl":{"start":{"line":29,"column":22},"end":{"line":29,"column":40}},"loc":{"start":{"line":29,"column":40},"end":{"line":31,"column":5}},"line":29},"7":{"name":"(anonymous_7)","decl":{"start":{"line":90,"column":12},"end":{"line":90,"column":27}},"loc":{"start":{"line":90,"column":27},"end":{"line":90,"column":null}},"line":90},"8":{"name":"(anonymous_8)","decl":{"start":{"line":99,"column":14},"end":{"line":99,"column":29}},"loc":{"start":{"line":99,"column":29},"end":{"line":99,"column":null}},"line":99},"9":{"name":"(anonymous_9)","decl":{"start":{"line":111,"column":14},"end":{"line":111,"column":29}},"loc":{"start":{"line":111,"column":29},"end":{"line":111,"column":null}},"line":111}},"branchMap":{"0":{"loc":{"start":{"line":34,"column":91},"end":{"line":34,"column":null}},"type":"cond-expr","locations":[{"start":{"line":34,"column":100},"end":{"line":34,"column":137}},{"start":{"line":34,"column":137},"end":{"line":34,"column":null}}],"line":34},"1":{"loc":{"start":{"line":42,"column":13},"end":{"line":42,"column":null}},"type":"cond-expr","locations":[{"start":{"line":42,"column":30},"end":{"line":42,"column":59}},{"start":{"line":42,"column":58},"end":{"line":42,"column":null}}],"line":42},"2":{"loc":{"start":{"line":56,"column":13},"end":{"line":56,"column":null}},"type":"cond-expr","locations":[{"start":{"line":56,"column":22},"end":{"line":56,"column":53}},{"start":{"line":56,"column":52},"end":{"line":56,"column":null}}],"line":56},"3":{"loc":{"start":{"line":68,"column":12},"end":{"line":68,"column":null}},"type":"cond-expr","locations":[{"start":{"line":68,"column":29},"end":{"line":68,"column":110}},{"start":{"line":68,"column":110},"end":{"line":68,"column":null}}],"line":68},"4":{"loc":{"start":{"line":85,"column":15},"end":{"line":85,"column":null}},"type":"cond-expr","locations":[{"start":{"line":85,"column":24},"end":{"line":85,"column":55}},{"start":{"line":85,"column":54},"end":{"line":85,"column":null}}],"line":85},"5":{"loc":{"start":{"line":101,"column":16},"end":{"line":103,"column":null}},"type":"cond-expr","locations":[{"start":{"line":102,"column":20},"end":{"line":102,"column":null}},{"start":{"line":103,"column":20},"end":{"line":103,"column":null}}],"line":101},"6":{"loc":{"start":{"line":113,"column":16},"end":{"line":115,"column":null}},"type":"cond-expr","locations":[{"start":{"line":114,"column":20},"end":{"line":114,"column":null}},{"start":{"line":115,"column":20},"end":{"line":115,"column":null}}],"line":113},"7":{"loc":{"start":{"line":127,"column":13},"end":{"line":127,"column":null}},"type":"cond-expr","locations":[{"start":{"line":127,"column":42},"end":{"line":127,"column":69}},{"start":{"line":127,"column":68},"end":{"line":127,"column":null}}],"line":127}},"s":{"0":0,"1":0,"2":0,"3":0,"4":0,"5":0,"6":0,"7":0,"8":0,"9":0,"10":0,"11":0,"12":0,"13":0,"14":0,"15":0,"16":0,"17":0,"18":0,"19":0},"f":{"0":0,"1":0,"2":0,"3":0,"4":0,"5":0,"6":0,"7":0,"8":0,"9":0},"b":{"0":[0,0],"1":[0,0],"2":[0,0],"3":[0,0],"4":[0,0],"5":[0,0],"6":[0,0],"7":[0,0]},"meta":{"lastBranch":8,"lastFunction":10,"lastStatement":20,"seen":{"s:9:13:151:Infinity":0,"f:9:13:9:35":0,"s:10:19:10:34":1,"s:11:21:11:Infinity":2,"f:11:21:11:37":1,"s:11:43:11:58":3,"s:12:25:12:Infinity":4,"f:12:25:12:41":2,"s:12:47:12:66":5,"s:13:16:13:Infinity":6,"f:13:16:13:32":3,"s:13:38:13:48":7,"s:15:17:15:Infinity":8,"s:17:26:23:Infinity":9,"f:17:26:17:Infinity":4,"s:19:6:19:Infinity":10,"s:20:6:20:Infinity":11,"s:25:27:27:Infinity":12,"f:25:27:25:45":5,"s:26:4:26:Infinity":13,"s:29:22:31:Infinity":14,"f:29:22:29:40":6,"s:30:4:30:Infinity":15,"s:33:2:149:Infinity":16,"b:34:100:34:137:34:137:34:Infinity":0,"b:42:30:42:59:42:58:42:Infinity":1,"b:56:22:56:53:56:52:56:Infinity":2,"b:68:29:68:110:68:110:68:Infinity":3,"b:85:24:85:55:85:54:85:Infinity":4,"f:90:12:90:27":7,"s:90:27:90:Infinity":17,"f:99:14:99:29":8,"s:99:29:99:Infinity":18,"b:102:20:102:Infinity:103:20:103:Infinity":5,"f:111:14:111:29":9,"s:111:29:111:Infinity":19,"b:114:20:114:Infinity:115:20:115:Infinity":6,"b:127:42:127:69:127:68:127:Infinity":7},"fnNames":{}}}
,"/home/btpl-lap-22/live/react-app/src/features/applicantsDashboard/index.tsx": {"path":"/home/btpl-lap-22/live/react-app/src/features/applicantsDashboard/index.tsx","statementMap":{"0":{"start":{"line":9,"column":13},"end":{"line":377,"column":null}},"1":{"start":{"line":10,"column":19},"end":{"line":10,"column":34}},"2":{"start":{"line":11,"column":16},"end":{"line":11,"column":null}},"3":{"start":{"line":11,"column":38},"end":{"line":11,"column":71}},"4":{"start":{"line":12,"column":17},"end":{"line":12,"column":null}},"5":{"start":{"line":12,"column":39},"end":{"line":12,"column":58}},"6":{"start":{"line":13,"column":16},"end":{"line":13,"column":null}},"7":{"start":{"line":13,"column":38},"end":{"line":13,"column":56}},"8":{"start":{"line":14,"column":22},"end":{"line":14,"column":null}},"9":{"start":{"line":14,"column":44},"end":{"line":14,"column":68}},"10":{"start":{"line":15,"column":17},"end":{"line":15,"column":null}},"11":{"start":{"line":15,"column":39},"end":{"line":15,"column":58}},"12":{"start":{"line":16,"column":20},"end":{"line":16,"column":null}},"13":{"start":{"line":16,"column":42},"end":{"line":16,"column":64}},"14":{"start":{"line":18,"column":21},"end":{"line":20,"column":null}},"15":{"start":{"line":19,"column":4},"end":{"line":19,"column":null}},"16":{"start":{"line":22,"column":2},"end":{"line":26,"column":null}},"17":{"start":{"line":23,"column":4},"end":{"line":25,"column":null}},"18":{"start":{"line":24,"column":6},"end":{"line":24,"column":null}},"19":{"start":{"line":28,"column":29},"end":{"line":33,"column":null}},"20":{"start":{"line":30,"column":6},"end":{"line":30,"column":null}},"21":{"start":{"line":35,"column":21},"end":{"line":40,"column":null}},"22":{"start":{"line":37,"column":6},"end":{"line":37,"column":null}},"23":{"start":{"line":42,"column":28},"end":{"line":44,"column":null}},"24":{"start":{"line":43,"column":4},"end":{"line":43,"column":null}},"25":{"start":{"line":46,"column":24},"end":{"line":88,"column":null}},"26":{"start":{"line":47,"column":17},"end":{"line":47,"column":null}},"27":{"start":{"line":49,"column":4},"end":{"line":61,"column":null}},"28":{"start":{"line":50,"column":16},"end":{"line":50,"column":null}},"29":{"start":{"line":51,"column":6},"end":{"line":60,"column":null}},"30":{"start":{"line":53,"column":10},"end":{"line":59,"column":null}},"31":{"start":{"line":63,"column":4},"end":{"line":85,"column":null}},"32":{"start":{"line":64,"column":6},"end":{"line":84,"column":null}},"33":{"start":{"line":65,"column":19},"end":{"line":65,"column":null}},"34":{"start":{"line":66,"column":19},"end":{"line":66,"column":null}},"35":{"start":{"line":67,"column":8},"end":{"line":79,"column":null}},"36":{"start":{"line":68,"column":10},"end":{"line":68,"column":null}},"37":{"start":{"line":69,"column":10},"end":{"line":69,"column":null}},"38":{"start":{"line":70,"column":15},"end":{"line":79,"column":null}},"39":{"start":{"line":71,"column":10},"end":{"line":71,"column":null}},"40":{"start":{"line":72,"column":10},"end":{"line":72,"column":null}},"41":{"start":{"line":73,"column":15},"end":{"line":79,"column":null}},"42":{"start":{"line":74,"column":10},"end":{"line":74,"column":null}},"43":{"start":{"line":75,"column":10},"end":{"line":75,"column":null}},"44":{"start":{"line":76,"column":15},"end":{"line":79,"column":null}},"45":{"start":{"line":77,"column":10},"end":{"line":77,"column":null}},"46":{"start":{"line":78,"column":10},"end":{"line":78,"column":null}},"47":{"start":{"line":81,"column":8},"end":{"line":81,"column":null}},"48":{"start":{"line":81,"column":25},"end":{"line":81,"column":null}},"49":{"start":{"line":82,"column":8},"end":{"line":82,"column":null}},"50":{"start":{"line":82,"column":25},"end":{"line":82,"column":null}},"51":{"start":{"line":83,"column":8},"end":{"line":83,"column":null}},"52":{"start":{"line":87,"column":4},"end":{"line":87,"column":null}},"53":{"start":{"line":90,"column":8},"end":{"line":128,"column":null}},"54":{"start":{"line":91,"column":4},"end":{"line":98,"column":null}},"55":{"start":{"line":92,"column":6},"end":{"line":96,"column":null}},"56":{"start":{"line":99,"column":4},"end":{"line":106,"column":null}},"57":{"start":{"line":100,"column":6},"end":{"line":104,"column":null}},"58":{"start":{"line":107,"column":4},"end":{"line":114,"column":null}},"59":{"start":{"line":108,"column":6},"end":{"line":112,"column":null}},"60":{"start":{"line":115,"column":4},"end":{"line":122,"column":null}},"61":{"start":{"line":116,"column":6},"end":{"line":120,"column":null}},"62":{"start":{"line":123,"column":4},"end":{"line":126,"column":null}},"63":{"start":{"line":130,"column":2},"end":{"line":375,"column":null}},"64":{"start":{"line":185,"column":46},"end":{"line":185,"column":89}},"65":{"start":{"line":199,"column":46},"end":{"line":199,"column":85}},"66":{"start":{"line":250,"column":37},"end":{"line":250,"column":null}},"67":{"start":{"line":259,"column":37},"end":{"line":259,"column":null}},"68":{"start":{"line":268,"column":37},"end":{"line":268,"column":null}},"69":{"start":{"line":277,"column":37},"end":{"line":277,"column":null}},"70":{"start":{"line":289,"column":20},"end":{"line":329,"column":null}},"71":{"start":{"line":337,"column":16},"end":{"line":369,"column":null}}},"fnMap":{"0":{"name":"(anonymous_0)","decl":{"start":{"line":9,"column":13},"end":{"line":9,"column":51}},"loc":{"start":{"line":9,"column":51},"end":{"line":377,"column":null}},"line":9},"1":{"name":"(anonymous_1)","decl":{"start":{"line":11,"column":16},"end":{"line":11,"column":32}},"loc":{"start":{"line":11,"column":38},"end":{"line":11,"column":71}},"line":11},"2":{"name":"(anonymous_2)","decl":{"start":{"line":12,"column":17},"end":{"line":12,"column":33}},"loc":{"start":{"line":12,"column":39},"end":{"line":12,"column":58}},"line":12},"3":{"name":"(anonymous_3)","decl":{"start":{"line":13,"column":16},"end":{"line":13,"column":32}},"loc":{"start":{"line":13,"column":38},"end":{"line":13,"column":56}},"line":13},"4":{"name":"(anonymous_4)","decl":{"start":{"line":14,"column":22},"end":{"line":14,"column":38}},"loc":{"start":{"line":14,"column":44},"end":{"line":14,"column":68}},"line":14},"5":{"name":"(anonymous_5)","decl":{"start":{"line":15,"column":17},"end":{"line":15,"column":33}},"loc":{"start":{"line":15,"column":39},"end":{"line":15,"column":58}},"line":15},"6":{"name":"(anonymous_6)","decl":{"start":{"line":16,"column":20},"end":{"line":16,"column":36}},"loc":{"start":{"line":16,"column":42},"end":{"line":16,"column":64}},"line":16},"7":{"name":"(anonymous_7)","decl":{"start":{"line":18,"column":21},"end":{"line":18,"column":39}},"loc":{"start":{"line":18,"column":39},"end":{"line":20,"column":5}},"line":18},"8":{"name":"(anonymous_8)","decl":{"start":{"line":22,"column":2},"end":{"line":22,"column":18}},"loc":{"start":{"line":22,"column":18},"end":{"line":26,"column":5}},"line":22},"9":{"name":"(anonymous_9)","decl":{"start":{"line":28,"column":29},"end":{"line":28,"column":null}},"loc":{"start":{"line":29,"column":48},"end":{"line":31,"column":null}},"line":29},"10":{"name":"(anonymous_10)","decl":{"start":{"line":35,"column":21},"end":{"line":35,"column":null}},"loc":{"start":{"line":36,"column":24},"end":{"line":38,"column":null}},"line":36},"11":{"name":"(anonymous_11)","decl":{"start":{"line":42,"column":28},"end":{"line":42,"column":46}},"loc":{"start":{"line":42,"column":46},"end":{"line":44,"column":5}},"line":42},"12":{"name":"(anonymous_12)","decl":{"start":{"line":46,"column":30},"end":{"line":46,"column":44}},"loc":{"start":{"line":46,"column":44},"end":{"line":88,"column":5}},"line":46},"13":{"name":"(anonymous_13)","decl":{"start":{"line":51,"column":22},"end":{"line":51,"column":null}},"loc":{"start":{"line":53,"column":10},"end":{"line":59,"column":null}},"line":53},"14":{"name":"(anonymous_14)","decl":{"start":{"line":64,"column":13},"end":{"line":64,"column":19}},"loc":{"start":{"line":64,"column":28},"end":{"line":84,"column":7}},"line":64},"15":{"name":"(anonymous_15)","decl":{"start":{"line":90,"column":8},"end":{"line":90,"column":26}},"loc":{"start":{"line":90,"column":61},"end":{"line":128,"column":null}},"line":90},"16":{"name":"(anonymous_16)","decl":{"start":{"line":185,"column":21},"end":{"line":185,"column":29}},"loc":{"start":{"line":185,"column":46},"end":{"line":185,"column":89}},"line":185},"17":{"name":"(anonymous_17)","decl":{"start":{"line":199,"column":21},"end":{"line":199,"column":29}},"loc":{"start":{"line":199,"column":46},"end":{"line":199,"column":85}},"line":199},"18":{"name":"(anonymous_18)","decl":{"start":{"line":250,"column":22},"end":{"line":250,"column":37}},"loc":{"start":{"line":250,"column":37},"end":{"line":250,"column":null}},"line":250},"19":{"name":"(anonymous_19)","decl":{"start":{"line":259,"column":22},"end":{"line":259,"column":37}},"loc":{"start":{"line":259,"column":37},"end":{"line":259,"column":null}},"line":259},"20":{"name":"(anonymous_20)","decl":{"start":{"line":268,"column":22},"end":{"line":268,"column":37}},"loc":{"start":{"line":268,"column":37},"end":{"line":268,"column":null}},"line":268},"21":{"name":"(anonymous_21)","decl":{"start":{"line":277,"column":22},"end":{"line":277,"column":37}},"loc":{"start":{"line":277,"column":37},"end":{"line":277,"column":null}},"line":277},"22":{"name":"(anonymous_22)","decl":{"start":{"line":288,"column":33},"end":{"line":288,"column":38}},"loc":{"start":{"line":289,"column":20},"end":{"line":329,"column":null}},"line":289},"23":{"name":"(anonymous_23)","decl":{"start":{"line":336,"column":29},"end":{"line":336,"column":34}},"loc":{"start":{"line":337,"column":16},"end":{"line":369,"column":null}},"line":337}},"branchMap":{"0":{"loc":{"start":{"line":23,"column":4},"end":{"line":25,"column":null}},"type":"if","locations":[{"start":{"line":23,"column":4},"end":{"line":25,"column":null}},{"start":{},"end":{}}],"line":23},"1":{"loc":{"start":{"line":49,"column":4},"end":{"line":61,"column":null}},"type":"if","locations":[{"start":{"line":49,"column":4},"end":{"line":61,"column":null}},{"start":{},"end":{}}],"line":49},"2":{"loc":{"start":{"line":53,"column":10},"end":{"line":59,"column":null}},"type":"binary-expr","locations":[{"start":{"line":53,"column":10},"end":{"line":53,"column":null}},{"start":{"line":54,"column":10},"end":{"line":54,"column":null}},{"start":{"line":55,"column":10},"end":{"line":55,"column":null}},{"start":{"line":56,"column":10},"end":{"line":56,"column":null}},{"start":{"line":57,"column":11},"end":{"line":57,"column":27}},{"start":{"line":57,"column":27},"end":{"line":57,"column":null}},{"start":{"line":58,"column":11},"end":{"line":58,"column":33}},{"start":{"line":58,"column":33},"end":{"line":58,"column":null}},{"start":{"line":59,"column":10},"end":{"line":59,"column":null}}],"line":53},"3":{"loc":{"start":{"line":63,"column":4},"end":{"line":85,"column":null}},"type":"if","locations":[{"start":{"line":63,"column":4},"end":{"line":85,"column":null}},{"start":{},"end":{}}],"line":63},"4":{"loc":{"start":{"line":67,"column":8},"end":{"line":79,"column":null}},"type":"if","locations":[{"start":{"line":67,"column":8},"end":{"line":79,"column":null}},{"start":{"line":70,"column":15},"end":{"line":79,"column":null}}],"line":67},"5":{"loc":{"start":{"line":70,"column":15},"end":{"line":79,"column":null}},"type":"if","locations":[{"start":{"line":70,"column":15},"end":{"line":79,"column":null}},{"start":{"line":73,"column":15},"end":{"line":79,"column":null}}],"line":70},"6":{"loc":{"start":{"line":73,"column":15},"end":{"line":79,"column":null}},"type":"if","locations":[{"start":{"line":73,"column":15},"end":{"line":79,"column":null}},{"start":{"line":76,"column":15},"end":{"line":79,"column":null}}],"line":73},"7":{"loc":{"start":{"line":76,"column":15},"end":{"line":79,"column":null}},"type":"if","locations":[{"start":{"line":76,"column":15},"end":{"line":79,"column":null}},{"start":{},"end":{}}],"line":76},"8":{"loc":{"start":{"line":77,"column":18},"end":{"line":77,"column":39}},"type":"binary-expr","locations":[{"start":{"line":77,"column":18},"end":{"line":77,"column":37}},{"start":{"line":77,"column":37},"end":{"line":77,"column":39}}],"line":77},"9":{"loc":{"start":{"line":78,"column":18},"end":{"line":78,"column":39}},"type":"binary-expr","locations":[{"start":{"line":78,"column":18},"end":{"line":78,"column":37}},{"start":{"line":78,"column":37},"end":{"line":78,"column":39}}],"line":78},"10":{"loc":{"start":{"line":81,"column":8},"end":{"line":81,"column":null}},"type":"if","locations":[{"start":{"line":81,"column":8},"end":{"line":81,"column":null}},{"start":{},"end":{}}],"line":81},"11":{"loc":{"start":{"line":81,"column":32},"end":{"line":81,"column":null}},"type":"cond-expr","locations":[{"start":{"line":81,"column":54},"end":{"line":81,"column":59}},{"start":{"line":81,"column":59},"end":{"line":81,"column":null}}],"line":81},"12":{"loc":{"start":{"line":82,"column":8},"end":{"line":82,"column":null}},"type":"if","locations":[{"start":{"line":82,"column":8},"end":{"line":82,"column":null}},{"start":{},"end":{}}],"line":82},"13":{"loc":{"start":{"line":82,"column":32},"end":{"line":82,"column":null}},"type":"cond-expr","locations":[{"start":{"line":82,"column":54},"end":{"line":82,"column":58}},{"start":{"line":82,"column":58},"end":{"line":82,"column":null}}],"line":82},"14":{"loc":{"start":{"line":91,"column":4},"end":{"line":98,"column":null}},"type":"if","locations":[{"start":{"line":91,"column":4},"end":{"line":98,"column":null}},{"start":{},"end":{}}],"line":91},"15":{"loc":{"start":{"line":99,"column":4},"end":{"line":106,"column":null}},"type":"if","locations":[{"start":{"line":99,"column":4},"end":{"line":106,"column":null}},{"start":{},"end":{}}],"line":99},"16":{"loc":{"start":{"line":107,"column":4},"end":{"line":114,"column":null}},"type":"if","locations":[{"start":{"line":107,"column":4},"end":{"line":114,"column":null}},{"start":{},"end":{}}],"line":107},"17":{"loc":{"start":{"line":115,"column":4},"end":{"line":122,"column":null}},"type":"if","locations":[{"start":{"line":115,"column":4},"end":{"line":122,"column":null}},{"start":{},"end":{}}],"line":115},"18":{"loc":{"start":{"line":209,"column":9},"end":{"line":213,"column":null}},"type":"binary-expr","locations":[{"start":{"line":209,"column":9},"end":{"line":209,"column":null}},{"start":{"line":210,"column":10},"end":{"line":213,"column":null}}],"line":209},"19":{"loc":{"start":{"line":216,"column":9},"end":{"line":229,"column":null}},"type":"binary-expr","locations":[{"start":{"line":216,"column":9},"end":{"line":216,"column":null}},{"start":{"line":217,"column":10},"end":{"line":229,"column":null}}],"line":216},"20":{"loc":{"start":{"line":232,"column":9},"end":{"line":239,"column":null}},"type":"binary-expr","locations":[{"start":{"line":232,"column":9},"end":{"line":232,"column":51}},{"start":{"line":232,"column":51},"end":{"line":232,"column":null}},{"start":{"line":233,"column":10},"end":{"line":239,"column":null}}],"line":232},"21":{"loc":{"start":{"line":242,"column":9},"end":{"line":372,"column":null}},"type":"binary-expr","locations":[{"start":{"line":242,"column":9},"end":{"line":242,"column":51}},{"start":{"line":242,"column":51},"end":{"line":242,"column":null}},{"start":{"line":243,"column":10},"end":{"line":372,"column":null}}],"line":242},"22":{"loc":{"start":{"line":311,"column":33},"end":{"line":311,"column":72}},"type":"binary-expr","locations":[{"start":{"line":311,"column":33},"end":{"line":311,"column":60}},{"start":{"line":311,"column":60},"end":{"line":311,"column":72}}],"line":311},"23":{"loc":{"start":{"line":313,"column":25},"end":{"line":319,"column":null}},"type":"binary-expr","locations":[{"start":{"line":313,"column":25},"end":{"line":313,"column":null}},{"start":{"line":314,"column":26},"end":{"line":319,"column":null}}],"line":313},"24":{"loc":{"start":{"line":358,"column":21},"end":{"line":361,"column":null}},"type":"binary-expr","locations":[{"start":{"line":358,"column":21},"end":{"line":358,"column":null}},{"start":{"line":359,"column":22},"end":{"line":361,"column":null}}],"line":358},"25":{"loc":{"start":{"line":363,"column":21},"end":{"line":366,"column":null}},"type":"binary-expr","locations":[{"start":{"line":363,"column":21},"end":{"line":363,"column":null}},{"start":{"line":364,"column":22},"end":{"line":366,"column":null}}],"line":363}},"s":{"0":0,"1":0,"2":0,"3":0,"4":0,"5":0,"6":0,"7":0,"8":0,"9":0,"10":0,"11":0,"12":0,"13":0,"14":0,"15":0,"16":0,"17":0,"18":0,"19":0,"20":0,"21":0,"22":0,"23":0,"24":0,"25":0,"26":0,"27":0,"28":0,"29":0,"30":0,"31":0,"32":0,"33":0,"34":0,"35":0,"36":0,"37":0,"38":0,"39":0,"40":0,"41":0,"42":0,"43":0,"44":0,"45":0,"46":0,"47":0,"48":0,"49":0,"50":0,"51":0,"52":0,"53":0,"54":0,"55":0,"56":0,"57":0,"58":0,"59":0,"60":0,"61":0,"62":0,"63":0,"64":0,"65":0,"66":0,"67":0,"68":0,"69":0,"70":0,"71":0},"f":{"0":0,"1":0,"2":0,"3":0,"4":0,"5":0,"6":0,"7":0,"8":0,"9":0,"10":0,"11":0,"12":0,"13":0,"14":0,"15":0,"16":0,"17":0,"18":0,"19":0,"20":0,"21":0,"22":0,"23":0},"b":{"0":[0,0],"1":[0,0],"2":[0,0,0,0,0,0,0,0,0],"3":[0,0],"4":[0,0],"5":[0,0],"6":[0,0],"7":[0,0],"8":[0,0],"9":[0,0],"10":[0,0],"11":[0,0],"12":[0,0],"13":[0,0],"14":[0,0],"15":[0,0],"16":[0,0],"17":[0,0],"18":[0,0],"19":[0,0],"20":[0,0,0],"21":[0,0,0],"22":[0,0],"23":[0,0],"24":[0,0],"25":[0,0]},"meta":{"lastBranch":26,"lastFunction":24,"lastStatement":72,"seen":{"s:9:13:377:Infinity":0,"f:9:13:9:51":0,"s:10:19:10:34":1,"s:11:16:11:Infinity":2,"f:11:16:11:32":1,"s:11:38:11:71":3,"s:12:17:12:Infinity":4,"f:12:17:12:33":2,"s:12:39:12:58":5,"s:13:16:13:Infinity":6,"f:13:16:13:32":3,"s:13:38:13:56":7,"s:14:22:14:Infinity":8,"f:14:22:14:38":4,"s:14:44:14:68":9,"s:15:17:15:Infinity":10,"f:15:17:15:33":5,"s:15:39:15:58":11,"s:16:20:16:Infinity":12,"f:16:20:16:36":6,"s:16:42:16:64":13,"s:18:21:20:Infinity":14,"f:18:21:18:39":7,"s:19:4:19:Infinity":15,"s:22:2:26:Infinity":16,"f:22:2:22:18":8,"b:23:4:25:Infinity:undefined:undefined:undefined:undefined":0,"s:23:4:25:Infinity":17,"s:24:6:24:Infinity":18,"s:28:29:33:Infinity":19,"f:28:29:28:Infinity":9,"s:30:6:30:Infinity":20,"s:35:21:40:Infinity":21,"f:35:21:35:Infinity":10,"s:37:6:37:Infinity":22,"s:42:28:44:Infinity":23,"f:42:28:42:46":11,"s:43:4:43:Infinity":24,"s:46:24:88:Infinity":25,"f:46:30:46:44":12,"s:47:17:47:Infinity":26,"b:49:4:61:Infinity:undefined:undefined:undefined:undefined":1,"s:49:4:61:Infinity":27,"s:50:16:50:Infinity":28,"s:51:6:60:Infinity":29,"f:51:22:51:Infinity":13,"s:53:10:59:Infinity":30,"b:53:10:53:Infinity:54:10:54:Infinity:55:10:55:Infinity:56:10:56:Infinity:57:11:57:27:57:27:57:Infinity:58:11:58:33:58:33:58:Infinity:59:10:59:Infinity":2,"b:63:4:85:Infinity:undefined:undefined:undefined:undefined":3,"s:63:4:85:Infinity":31,"s:64:6:84:Infinity":32,"f:64:13:64:19":14,"s:65:19:65:Infinity":33,"s:66:19:66:Infinity":34,"b:67:8:79:Infinity:70:15:79:Infinity":4,"s:67:8:79:Infinity":35,"s:68:10:68:Infinity":36,"s:69:10:69:Infinity":37,"b:70:15:79:Infinity:73:15:79:Infinity":5,"s:70:15:79:Infinity":38,"s:71:10:71:Infinity":39,"s:72:10:72:Infinity":40,"b:73:15:79:Infinity:76:15:79:Infinity":6,"s:73:15:79:Infinity":41,"s:74:10:74:Infinity":42,"s:75:10:75:Infinity":43,"b:76:15:79:Infinity:undefined:undefined:undefined:undefined":7,"s:76:15:79:Infinity":44,"s:77:10:77:Infinity":45,"b:77:18:77:37:77:37:77:39":8,"s:78:10:78:Infinity":46,"b:78:18:78:37:78:37:78:39":9,"b:81:8:81:Infinity:undefined:undefined:undefined:undefined":10,"s:81:8:81:Infinity":47,"s:81:25:81:Infinity":48,"b:81:54:81:59:81:59:81:Infinity":11,"b:82:8:82:Infinity:undefined:undefined:undefined:undefined":12,"s:82:8:82:Infinity":49,"s:82:25:82:Infinity":50,"b:82:54:82:58:82:58:82:Infinity":13,"s:83:8:83:Infinity":51,"s:87:4:87:Infinity":52,"s:90:8:128:Infinity":53,"f:90:8:90:26":15,"b:91:4:98:Infinity:undefined:undefined:undefined:undefined":14,"s:91:4:98:Infinity":54,"s:92:6:96:Infinity":55,"b:99:4:106:Infinity:undefined:undefined:undefined:undefined":15,"s:99:4:106:Infinity":56,"s:100:6:104:Infinity":57,"b:107:4:114:Infinity:undefined:undefined:undefined:undefined":16,"s:107:4:114:Infinity":58,"s:108:6:112:Infinity":59,"b:115:4:122:Infinity:undefined:undefined:undefined:undefined":17,"s:115:4:122:Infinity":60,"s:116:6:120:Infinity":61,"s:123:4:126:Infinity":62,"s:130:2:375:Infinity":63,"f:185:21:185:29":16,"s:185:46:185:89":64,"f:199:21:199:29":17,"s:199:46:199:85":65,"b:209:9:209:Infinity:210:10:213:Infinity":18,"b:216:9:216:Infinity:217:10:229:Infinity":19,"b:232:9:232:51:232:51:232:Infinity:233:10:239:Infinity":20,"b:242:9:242:51:242:51:242:Infinity:243:10:372:Infinity":21,"f:250:22:250:37":18,"s:250:37:250:Infinity":66,"f:259:22:259:37":19,"s:259:37:259:Infinity":67,"f:268:22:268:37":20,"s:268:37:268:Infinity":68,"f:277:22:277:37":21,"s:277:37:277:Infinity":69,"f:288:33:288:38":22,"s:289:20:329:Infinity":70,"b:311:33:311:60:311:60:311:72":22,"b:313:25:313:Infinity:314:26:319:Infinity":23,"f:336:29:336:34":23,"s:337:16:369:Infinity":71,"b:358:21:358:Infinity:359:22:361:Infinity":24,"b:363:21:363:Infinity:364:22:366:Infinity":25},"fnNames":{}}}
,"/home/btpl-lap-22/live/react-app/src/features/applicantsDashboard/saga.ts": {"path":"/home/btpl-lap-22/live/react-app/src/features/applicantsDashboard/saga.ts","statementMap":{"0":{"start":{"line":7,"column":2},"end":{"line":13,"column":null}},"1":{"start":{"line":8,"column":37},"end":{"line":8,"column":null}},"2":{"start":{"line":9,"column":4},"end":{"line":9,"column":null}},"3":{"start":{"line":11,"column":20},"end":{"line":11,"column":null}},"4":{"start":{"line":12,"column":4},"end":{"line":12,"column":null}}},"fnMap":{"0":{"name":"fetchApplicantsSaga","decl":{"start":{"line":6,"column":17},"end":{"line":6,"column":78}},"loc":{"start":{"line":6,"column":78},"end":{"line":14,"column":null}},"line":6}},"branchMap":{"0":{"loc":{"start":{"line":11,"column":20},"end":{"line":11,"column":null}},"type":"cond-expr","locations":[{"start":{"line":11,"column":43},"end":{"line":11,"column":57}},{"start":{"line":11,"column":57},"end":{"line":11,"column":null}}],"line":11}},"s":{"0":0,"1":0,"2":0,"3":0,"4":0},"f":{"0":0},"b":{"0":[0,0]},"meta":{"lastBranch":1,"lastFunction":1,"lastStatement":5,"seen":{"f:6:17:6:78":0,"s:7:2:13:Infinity":0,"s:8:37:8:Infinity":1,"s:9:4:9:Infinity":2,"s:11:20:11:Infinity":3,"b:11:43:11:57:11:57:11:Infinity":0,"s:12:4:12:Infinity":4},"fnNames":{}}}
,"/home/btpl-lap-22/live/react-app/src/features/applicantsDashboard/slice.ts": {"path":"/home/btpl-lap-22/live/react-app/src/features/applicantsDashboard/slice.ts","statementMap":{"0":{"start":{"line":4,"column":31},"end":{"line":4,"column":null}},"1":{"start":{"line":6,"column":33},"end":{"line":6,"column":null}},"2":{"start":{"line":7,"column":33},"end":{"line":7,"column":null}}},"fnMap":{},"branchMap":{},"s":{"0":0,"1":0,"2":0},"f":{},"b":{},"meta":{"lastBranch":0,"lastFunction":0,"lastStatement":3,"seen":{"s:4:31:4:Infinity":0,"s:6:33:6:Infinity":1,"s:7:33:7:Infinity":2},"fnNames":{}}}
,"/home/btpl-lap-22/live/react-app/src/features/applicantsDashboard/repository/index.ts": {"path":"/home/btpl-lap-22/live/react-app/src/features/applicantsDashboard/repository/index.ts","statementMap":{"0":{"start":{"line":5,"column":40},"end":{"line":10,"column":null}},"1":{"start":{"line":13,"column":16},"end":{"line":13,"column":null}},"2":{"start":{"line":14,"column":2},"end":{"line":17,"column":null}},"3":{"start":{"line":14,"column":37},"end":{"line":17,"column":4}}},"fnMap":{"0":{"name":"fetchApplicantsApi","decl":{"start":{"line":12,"column":22},"end":{"line":12,"column":65}},"loc":{"start":{"line":12,"column":65},"end":{"line":18,"column":null}},"line":12},"1":{"name":"(anonymous_1)","decl":{"start":{"line":14,"column":15},"end":{"line":14,"column":20}},"loc":{"start":{"line":14,"column":37},"end":{"line":17,"column":4}},"line":14}},"branchMap":{},"s":{"0":1,"1":1,"2":1,"3":1},"f":{"0":1,"1":1},"b":{},"meta":{"lastBranch":0,"lastFunction":2,"lastStatement":4,"seen":{"s:5:40:10:Infinity":0,"f:12:22:12:65":0,"s:13:16:13:Infinity":1,"s:14:2:17:Infinity":2,"f:14:15:14:20":1,"s:14:37:17:4":3},"fnNames":{}}}
,"/home/btpl-lap-22/live/react-app/src/features/applicantsDashboard/tests/e2e/visual.spec.ts": {"path":"/home/btpl-lap-22/live/react-app/src/features/applicantsDashboard/tests/e2e/visual.spec.ts","statementMap":{"0":{"start":{"line":3,"column":0},"end":{"line":12,"column":null}},"1":{"start":{"line":4,"column":2},"end":{"line":11,"column":null}},"2":{"start":{"line":5,"column":4},"end":{"line":5,"column":null}},"3":{"start":{"line":6,"column":4},"end":{"line":6,"column":null}},"4":{"start":{"line":7,"column":4},"end":{"line":10,"column":null}}},"fnMap":{"0":{"name":"(anonymous_0)","decl":{"start":{"line":3,"column":14},"end":{"line":3,"column":66}},"loc":{"start":{"line":3,"column":66},"end":{"line":12,"column":1}},"line":3},"1":{"name":"(anonymous_1)","decl":{"start":{"line":4,"column":54},"end":{"line":4,"column":61}},"loc":{"start":{"line":4,"column":74},"end":{"line":11,"column":3}},"line":4}},"branchMap":{},"s":{"0":0,"1":0,"2":0,"3":0,"4":0},"f":{"0":0,"1":0},"b":{},"meta":{"lastBranch":0,"lastFunction":2,"lastStatement":5,"seen":{"s:3:0:12:Infinity":0,"f:3:14:3:66":0,"s:4:2:11:Infinity":1,"f:4:54:4:61":1,"s:5:4:5:Infinity":2,"s:6:4:6:Infinity":3,"s:7:4:10:Infinity":4},"fnNames":{}}}
,"/home/btpl-lap-22/live/react-app/src/features/applicantsDashboard/types/index.ts": {"path":"/home/btpl-lap-22/live/react-app/src/features/applicantsDashboard/types/index.ts","statementMap":{},"fnMap":{},"branchMap":{},"s":{},"f":{},"b":{},"meta":{"lastBranch":0,"lastFunction":0,"lastStatement":0,"seen":{},"fnNames":{}}}
,"/home/btpl-lap-22/live/react-app/src/features/applicationForm/index.tsx": {"path":"/home/btpl-lap-22/live/react-app/src/features/applicationForm/index.tsx","statementMap":{"0":{"start":{"line":9,"column":13},"end":{"line":463,"column":null}},"1":{"start":{"line":10,"column":19},"end":{"line":10,"column":34}},"2":{"start":{"line":11,"column":21},"end":{"line":11,"column":null}},"3":{"start":{"line":11,"column":43},"end":{"line":11,"column":92}},"4":{"start":{"line":12,"column":17},"end":{"line":12,"column":null}},"5":{"start":{"line":12,"column":39},"end":{"line":12,"column":59}},"6":{"start":{"line":13,"column":21},"end":{"line":13,"column":null}},"7":{"start":{"line":13,"column":43},"end":{"line":13,"column":67}},"8":{"start":{"line":14,"column":25},"end":{"line":14,"column":null}},"9":{"start":{"line":14,"column":47},"end":{"line":14,"column":75}},"10":{"start":{"line":16,"column":30},"end":{"line":16,"column":null}},"11":{"start":{"line":18,"column":2},"end":{"line":28,"column":null}},"12":{"start":{"line":19,"column":4},"end":{"line":27,"column":null}},"13":{"start":{"line":20,"column":20},"end":{"line":20,"column":null}},"14":{"start":{"line":21,"column":6},"end":{"line":24,"column":null}},"15":{"start":{"line":22,"column":23},"end":{"line":22,"column":null}},"16":{"start":{"line":23,"column":8},"end":{"line":23,"column":null}},"17":{"start":{"line":30,"column":2},"end":{"line":32,"column":null}},"18":{"start":{"line":31,"column":4},"end":{"line":31,"column":null}},"19":{"start":{"line":34,"column":22},"end":{"line":40,"column":null}},"20":{"start":{"line":36,"column":6},"end":{"line":36,"column":null}},"21":{"start":{"line":37,"column":6},"end":{"line":37,"column":null}},"22":{"start":{"line":37,"column":27},"end":{"line":37,"column":50}},"23":{"start":{"line":42,"column":24},"end":{"line":65,"column":null}},"24":{"start":{"line":43,"column":46},"end":{"line":43,"column":null}},"25":{"start":{"line":44,"column":4},"end":{"line":44,"column":null}},"26":{"start":{"line":44,"column":38},"end":{"line":44,"column":null}},"27":{"start":{"line":45,"column":4},"end":{"line":45,"column":null}},"28":{"start":{"line":45,"column":37},"end":{"line":45,"column":null}},"29":{"start":{"line":47,"column":23},"end":{"line":47,"column":null}},"30":{"start":{"line":48,"column":4},"end":{"line":52,"column":null}},"31":{"start":{"line":49,"column":6},"end":{"line":49,"column":null}},"32":{"start":{"line":50,"column":11},"end":{"line":52,"column":null}},"33":{"start":{"line":51,"column":6},"end":{"line":51,"column":null}},"34":{"start":{"line":54,"column":24},"end":{"line":54,"column":null}},"35":{"start":{"line":55,"column":4},"end":{"line":59,"column":null}},"36":{"start":{"line":56,"column":6},"end":{"line":56,"column":null}},"37":{"start":{"line":57,"column":11},"end":{"line":59,"column":null}},"38":{"start":{"line":58,"column":6},"end":{"line":58,"column":null}},"39":{"start":{"line":61,"column":4},"end":{"line":61,"column":null}},"40":{"start":{"line":61,"column":32},"end":{"line":61,"column":null}},"41":{"start":{"line":63,"column":4},"end":{"line":63,"column":null}},"42":{"start":{"line":64,"column":4},"end":{"line":64,"column":null}},"43":{"start":{"line":67,"column":21},"end":{"line":74,"column":null}},"44":{"start":{"line":68,"column":4},"end":{"line":70,"column":null}},"45":{"start":{"line":69,"column":6},"end":{"line":69,"column":null}},"46":{"start":{"line":69,"column":28},"end":{"line":69,"column":null}},"47":{"start":{"line":71,"column":4},"end":{"line":73,"column":null}},"48":{"start":{"line":72,"column":6},"end":{"line":72,"column":null}},"49":{"start":{"line":76,"column":21},"end":{"line":80,"column":null}},"50":{"start":{"line":77,"column":4},"end":{"line":79,"column":null}},"51":{"start":{"line":78,"column":6},"end":{"line":78,"column":null}},"52":{"start":{"line":82,"column":23},"end":{"line":90,"column":null}},"53":{"start":{"line":84,"column":6},"end":{"line":84,"column":null}},"54":{"start":{"line":85,"column":6},"end":{"line":87,"column":null}},"55":{"start":{"line":86,"column":8},"end":{"line":86,"column":null}},"56":{"start":{"line":92,"column":27},"end":{"line":99,"column":null}},"57":{"start":{"line":94,"column":6},"end":{"line":96,"column":null}},"58":{"start":{"line":95,"column":8},"end":{"line":95,"column":null}},"59":{"start":{"line":101,"column":34},"end":{"line":104,"column":null}},"60":{"start":{"line":102,"column":4},"end":{"line":102,"column":null}},"61":{"start":{"line":103,"column":4},"end":{"line":103,"column":null}},"62":{"start":{"line":106,"column":2},"end":{"line":461,"column":null}},"63":{"start":{"line":189,"column":37},"end":{"line":189,"column":null}},"64":{"start":{"line":206,"column":37},"end":{"line":206,"column":null}},"65":{"start":{"line":223,"column":37},"end":{"line":223,"column":null}},"66":{"start":{"line":240,"column":37},"end":{"line":240,"column":null}},"67":{"start":{"line":257,"column":37},"end":{"line":257,"column":null}},"68":{"start":{"line":290,"column":41},"end":{"line":290,"column":null}},"69":{"start":{"line":314,"column":41},"end":{"line":314,"column":null}},"70":{"start":{"line":338,"column":41},"end":{"line":338,"column":null}}},"fnMap":{"0":{"name":"(anonymous_0)","decl":{"start":{"line":9,"column":13},"end":{"line":9,"column":47}},"loc":{"start":{"line":9,"column":47},"end":{"line":463,"column":null}},"line":9},"1":{"name":"(anonymous_1)","decl":{"start":{"line":11,"column":21},"end":{"line":11,"column":37}},"loc":{"start":{"line":11,"column":43},"end":{"line":11,"column":92}},"line":11},"2":{"name":"(anonymous_2)","decl":{"start":{"line":12,"column":17},"end":{"line":12,"column":33}},"loc":{"start":{"line":12,"column":39},"end":{"line":12,"column":59}},"line":12},"3":{"name":"(anonymous_3)","decl":{"start":{"line":13,"column":21},"end":{"line":13,"column":37}},"loc":{"start":{"line":13,"column":43},"end":{"line":13,"column":67}},"line":13},"4":{"name":"(anonymous_4)","decl":{"start":{"line":14,"column":25},"end":{"line":14,"column":41}},"loc":{"start":{"line":14,"column":47},"end":{"line":14,"column":75}},"line":14},"5":{"name":"(anonymous_5)","decl":{"start":{"line":18,"column":2},"end":{"line":18,"column":18}},"loc":{"start":{"line":18,"column":18},"end":{"line":28,"column":5}},"line":18},"6":{"name":"(anonymous_6)","decl":{"start":{"line":30,"column":2},"end":{"line":30,"column":18}},"loc":{"start":{"line":30,"column":18},"end":{"line":32,"column":5}},"line":30},"7":{"name":"(anonymous_7)","decl":{"start":{"line":34,"column":22},"end":{"line":34,"column":null}},"loc":{"start":{"line":35,"column":66},"end":{"line":38,"column":null}},"line":35},"8":{"name":"(anonymous_8)","decl":{"start":{"line":37,"column":6},"end":{"line":37,"column":17}},"loc":{"start":{"line":37,"column":27},"end":{"line":37,"column":50}},"line":37},"9":{"name":"(anonymous_9)","decl":{"start":{"line":42,"column":24},"end":{"line":42,"column":42}},"loc":{"start":{"line":42,"column":42},"end":{"line":65,"column":5}},"line":42},"10":{"name":"(anonymous_10)","decl":{"start":{"line":67,"column":21},"end":{"line":67,"column":39}},"loc":{"start":{"line":67,"column":39},"end":{"line":74,"column":5}},"line":67},"11":{"name":"(anonymous_11)","decl":{"start":{"line":76,"column":21},"end":{"line":76,"column":39}},"loc":{"start":{"line":76,"column":39},"end":{"line":80,"column":5}},"line":76},"12":{"name":"(anonymous_12)","decl":{"start":{"line":82,"column":23},"end":{"line":82,"column":null}},"loc":{"start":{"line":83,"column":28},"end":{"line":88,"column":null}},"line":83},"13":{"name":"(anonymous_13)","decl":{"start":{"line":92,"column":27},"end":{"line":92,"column":null}},"loc":{"start":{"line":93,"column":82},"end":{"line":97,"column":null}},"line":93},"14":{"name":"(anonymous_14)","decl":{"start":{"line":101,"column":34},"end":{"line":101,"column":52}},"loc":{"start":{"line":101,"column":52},"end":{"line":104,"column":5}},"line":101},"15":{"name":"(anonymous_15)","decl":{"start":{"line":189,"column":20},"end":{"line":189,"column":31}},"loc":{"start":{"line":189,"column":37},"end":{"line":189,"column":null}},"line":189},"16":{"name":"(anonymous_16)","decl":{"start":{"line":206,"column":20},"end":{"line":206,"column":31}},"loc":{"start":{"line":206,"column":37},"end":{"line":206,"column":null}},"line":206},"17":{"name":"(anonymous_17)","decl":{"start":{"line":223,"column":20},"end":{"line":223,"column":31}},"loc":{"start":{"line":223,"column":37},"end":{"line":223,"column":null}},"line":223},"18":{"name":"(anonymous_18)","decl":{"start":{"line":240,"column":20},"end":{"line":240,"column":31}},"loc":{"start":{"line":240,"column":37},"end":{"line":240,"column":null}},"line":240},"19":{"name":"(anonymous_19)","decl":{"start":{"line":257,"column":20},"end":{"line":257,"column":31}},"loc":{"start":{"line":257,"column":37},"end":{"line":257,"column":null}},"line":257},"20":{"name":"(anonymous_20)","decl":{"start":{"line":290,"column":24},"end":{"line":290,"column":35}},"loc":{"start":{"line":290,"column":41},"end":{"line":290,"column":null}},"line":290},"21":{"name":"(anonymous_21)","decl":{"start":{"line":314,"column":24},"end":{"line":314,"column":35}},"loc":{"start":{"line":314,"column":41},"end":{"line":314,"column":null}},"line":314},"22":{"name":"(anonymous_22)","decl":{"start":{"line":338,"column":24},"end":{"line":338,"column":35}},"loc":{"start":{"line":338,"column":41},"end":{"line":338,"column":null}},"line":338}},"branchMap":{"0":{"loc":{"start":{"line":21,"column":6},"end":{"line":24,"column":null}},"type":"if","locations":[{"start":{"line":21,"column":6},"end":{"line":24,"column":null}},{"start":{},"end":{}}],"line":21},"1":{"loc":{"start":{"line":44,"column":4},"end":{"line":44,"column":null}},"type":"if","locations":[{"start":{"line":44,"column":4},"end":{"line":44,"column":null}},{"start":{},"end":{}}],"line":44},"2":{"loc":{"start":{"line":45,"column":4},"end":{"line":45,"column":null}},"type":"if","locations":[{"start":{"line":45,"column":4},"end":{"line":45,"column":null}},{"start":{},"end":{}}],"line":45},"3":{"loc":{"start":{"line":48,"column":4},"end":{"line":52,"column":null}},"type":"if","locations":[{"start":{"line":48,"column":4},"end":{"line":52,"column":null}},{"start":{"line":50,"column":11},"end":{"line":52,"column":null}}],"line":48},"4":{"loc":{"start":{"line":50,"column":11},"end":{"line":52,"column":null}},"type":"if","locations":[{"start":{"line":50,"column":11},"end":{"line":52,"column":null}},{"start":{},"end":{}}],"line":50},"5":{"loc":{"start":{"line":55,"column":4},"end":{"line":59,"column":null}},"type":"if","locations":[{"start":{"line":55,"column":4},"end":{"line":59,"column":null}},{"start":{"line":57,"column":11},"end":{"line":59,"column":null}}],"line":55},"6":{"loc":{"start":{"line":57,"column":11},"end":{"line":59,"column":null}},"type":"if","locations":[{"start":{"line":57,"column":11},"end":{"line":59,"column":null}},{"start":{},"end":{}}],"line":57},"7":{"loc":{"start":{"line":61,"column":4},"end":{"line":61,"column":null}},"type":"if","locations":[{"start":{"line":61,"column":4},"end":{"line":61,"column":null}},{"start":{},"end":{}}],"line":61},"8":{"loc":{"start":{"line":68,"column":4},"end":{"line":70,"column":null}},"type":"if","locations":[{"start":{"line":68,"column":4},"end":{"line":70,"column":null}},{"start":{},"end":{}}],"line":68},"9":{"loc":{"start":{"line":69,"column":6},"end":{"line":69,"column":null}},"type":"if","locations":[{"start":{"line":69,"column":6},"end":{"line":69,"column":null}},{"start":{},"end":{}}],"line":69},"10":{"loc":{"start":{"line":71,"column":4},"end":{"line":73,"column":null}},"type":"if","locations":[{"start":{"line":71,"column":4},"end":{"line":73,"column":null}},{"start":{},"end":{}}],"line":71},"11":{"loc":{"start":{"line":77,"column":4},"end":{"line":79,"column":null}},"type":"if","locations":[{"start":{"line":77,"column":4},"end":{"line":79,"column":null}},{"start":{},"end":{}}],"line":77},"12":{"loc":{"start":{"line":85,"column":6},"end":{"line":87,"column":null}},"type":"if","locations":[{"start":{"line":85,"column":6},"end":{"line":87,"column":null}},{"start":{},"end":{}}],"line":85},"13":{"loc":{"start":{"line":94,"column":6},"end":{"line":96,"column":null}},"type":"if","locations":[{"start":{"line":94,"column":6},"end":{"line":96,"column":null}},{"start":{},"end":{}}],"line":94},"14":{"loc":{"start":{"line":94,"column":10},"end":{"line":94,"column":55}},"type":"binary-expr","locations":[{"start":{"line":94,"column":10},"end":{"line":94,"column":28}},{"start":{"line":94,"column":28},"end":{"line":94,"column":55}}],"line":94},"15":{"loc":{"start":{"line":121,"column":18},"end":{"line":123,"column":null}},"type":"cond-expr","locations":[{"start":{"line":122,"column":22},"end":{"line":122,"column":null}},{"start":{"line":123,"column":22},"end":{"line":123,"column":null}}],"line":121},"16":{"loc":{"start":{"line":126,"column":17},"end":{"line":126,"column":null}},"type":"cond-expr","locations":[{"start":{"line":126,"column":39},"end":{"line":126,"column":null}},{"start":{"line":126,"column":71},"end":{"line":126,"column":null}}],"line":126},"17":{"loc":{"start":{"line":128,"column":61},"end":{"line":128,"column":143}},"type":"cond-expr","locations":[{"start":{"line":128,"column":84},"end":{"line":128,"column":123}},{"start":{"line":128,"column":123},"end":{"line":128,"column":143}}],"line":128},"18":{"loc":{"start":{"line":136,"column":18},"end":{"line":140,"column":null}},"type":"cond-expr","locations":[{"start":{"line":137,"column":22},"end":{"line":137,"column":null}},{"start":{"line":138,"column":22},"end":{"line":140,"column":null}}],"line":136},"19":{"loc":{"start":{"line":138,"column":22},"end":{"line":140,"column":null}},"type":"cond-expr","locations":[{"start":{"line":139,"column":22},"end":{"line":139,"column":null}},{"start":{"line":140,"column":22},"end":{"line":140,"column":null}}],"line":138},"20":{"loc":{"start":{"line":143,"column":17},"end":{"line":143,"column":null}},"type":"cond-expr","locations":[{"start":{"line":143,"column":39},"end":{"line":143,"column":null}},{"start":{"line":143,"column":71},"end":{"line":143,"column":null}}],"line":143},"21":{"loc":{"start":{"line":145,"column":61},"end":{"line":145,"column":143}},"type":"cond-expr","locations":[{"start":{"line":145,"column":84},"end":{"line":145,"column":123}},{"start":{"line":145,"column":123},"end":{"line":145,"column":143}}],"line":145},"22":{"loc":{"start":{"line":153,"column":18},"end":{"line":155,"column":null}},"type":"cond-expr","locations":[{"start":{"line":154,"column":22},"end":{"line":154,"column":null}},{"start":{"line":155,"column":22},"end":{"line":155,"column":null}}],"line":153},"23":{"loc":{"start":{"line":160,"column":61},"end":{"line":160,"column":144}},"type":"cond-expr","locations":[{"start":{"line":160,"column":85},"end":{"line":160,"column":124}},{"start":{"line":160,"column":124},"end":{"line":160,"column":144}}],"line":160},"24":{"loc":{"start":{"line":167,"column":9},"end":{"line":170,"column":null}},"type":"binary-expr","locations":[{"start":{"line":167,"column":9},"end":{"line":167,"column":null}},{"start":{"line":168,"column":10},"end":{"line":170,"column":null}}],"line":167},"25":{"loc":{"start":{"line":174,"column":11},"end":{"line":265,"column":null}},"type":"binary-expr","locations":[{"start":{"line":174,"column":11},"end":{"line":174,"column":null}},{"start":{"line":175,"column":12},"end":{"line":265,"column":null}}],"line":174},"26":{"loc":{"start":{"line":192,"column":22},"end":{"line":192,"column":null}},"type":"cond-expr","locations":[{"start":{"line":192,"column":41},"end":{"line":192,"column":81}},{"start":{"line":192,"column":81},"end":{"line":192,"column":null}}],"line":192},"27":{"loc":{"start":{"line":195,"column":19},"end":{"line":195,"column":null}},"type":"binary-expr","locations":[{"start":{"line":195,"column":19},"end":{"line":195,"column":39}},{"start":{"line":195,"column":39},"end":{"line":195,"column":null}}],"line":195},"28":{"loc":{"start":{"line":209,"column":22},"end":{"line":209,"column":null}},"type":"cond-expr","locations":[{"start":{"line":209,"column":40},"end":{"line":209,"column":80}},{"start":{"line":209,"column":80},"end":{"line":209,"column":null}}],"line":209},"29":{"loc":{"start":{"line":212,"column":19},"end":{"line":212,"column":null}},"type":"binary-expr","locations":[{"start":{"line":212,"column":19},"end":{"line":212,"column":38}},{"start":{"line":212,"column":38},"end":{"line":212,"column":null}}],"line":212},"30":{"loc":{"start":{"line":226,"column":22},"end":{"line":226,"column":null}},"type":"cond-expr","locations":[{"start":{"line":226,"column":37},"end":{"line":226,"column":77}},{"start":{"line":226,"column":77},"end":{"line":226,"column":null}}],"line":226},"31":{"loc":{"start":{"line":229,"column":19},"end":{"line":229,"column":null}},"type":"binary-expr","locations":[{"start":{"line":229,"column":19},"end":{"line":229,"column":35}},{"start":{"line":229,"column":35},"end":{"line":229,"column":null}}],"line":229},"32":{"loc":{"start":{"line":243,"column":22},"end":{"line":243,"column":null}},"type":"cond-expr","locations":[{"start":{"line":243,"column":37},"end":{"line":243,"column":77}},{"start":{"line":243,"column":77},"end":{"line":243,"column":null}}],"line":243},"33":{"loc":{"start":{"line":246,"column":19},"end":{"line":246,"column":null}},"type":"binary-expr","locations":[{"start":{"line":246,"column":19},"end":{"line":246,"column":35}},{"start":{"line":246,"column":35},"end":{"line":246,"column":null}}],"line":246},"34":{"loc":{"start":{"line":259,"column":22},"end":{"line":259,"column":null}},"type":"cond-expr","locations":[{"start":{"line":259,"column":35},"end":{"line":259,"column":75}},{"start":{"line":259,"column":75},"end":{"line":259,"column":null}}],"line":259},"35":{"loc":{"start":{"line":262,"column":19},"end":{"line":262,"column":null}},"type":"binary-expr","locations":[{"start":{"line":262,"column":19},"end":{"line":262,"column":33}},{"start":{"line":262,"column":33},"end":{"line":262,"column":null}}],"line":262},"36":{"loc":{"start":{"line":268,"column":11},"end":{"line":350,"column":null}},"type":"binary-expr","locations":[{"start":{"line":268,"column":11},"end":{"line":268,"column":null}},{"start":{"line":269,"column":12},"end":{"line":350,"column":null}}],"line":268},"37":{"loc":{"start":{"line":294,"column":21},"end":{"line":299,"column":null}},"type":"binary-expr","locations":[{"start":{"line":294,"column":21},"end":{"line":294,"column":null}},{"start":{"line":295,"column":22},"end":{"line":299,"column":null}}],"line":294},"38":{"loc":{"start":{"line":318,"column":21},"end":{"line":323,"column":null}},"type":"binary-expr","locations":[{"start":{"line":318,"column":21},"end":{"line":318,"column":null}},{"start":{"line":319,"column":22},"end":{"line":323,"column":null}}],"line":318},"39":{"loc":{"start":{"line":342,"column":21},"end":{"line":347,"column":null}},"type":"binary-expr","locations":[{"start":{"line":342,"column":21},"end":{"line":342,"column":null}},{"start":{"line":343,"column":22},"end":{"line":347,"column":null}}],"line":342},"40":{"loc":{"start":{"line":353,"column":11},"end":{"line":408,"column":null}},"type":"binary-expr","locations":[{"start":{"line":353,"column":11},"end":{"line":353,"column":null}},{"start":{"line":354,"column":12},"end":{"line":408,"column":null}}],"line":353},"41":{"loc":{"start":{"line":365,"column":23},"end":{"line":365,"column":null}},"type":"binary-expr","locations":[{"start":{"line":365,"column":23},"end":{"line":365,"column":82}},{"start":{"line":365,"column":82},"end":{"line":365,"column":null}}],"line":365},"42":{"loc":{"start":{"line":370,"column":88},"end":{"line":370,"column":118}},"type":"binary-expr","locations":[{"start":{"line":370,"column":88},"end":{"line":370,"column":108}},{"start":{"line":370,"column":108},"end":{"line":370,"column":118}}],"line":370},"43":{"loc":{"start":{"line":374,"column":88},"end":{"line":374,"column":118}},"type":"binary-expr","locations":[{"start":{"line":374,"column":88},"end":{"line":374,"column":108}},{"start":{"line":374,"column":108},"end":{"line":374,"column":118}}],"line":374},"44":{"loc":{"start":{"line":378,"column":88},"end":{"line":378,"column":116}},"type":"binary-expr","locations":[{"start":{"line":378,"column":88},"end":{"line":378,"column":106}},{"start":{"line":378,"column":106},"end":{"line":378,"column":116}}],"line":378},"45":{"loc":{"start":{"line":389,"column":39},"end":{"line":389,"column":null}},"type":"cond-expr","locations":[{"start":{"line":389,"column":67},"end":{"line":389,"column":124}},{"start":{"line":389,"column":124},"end":{"line":389,"column":null}}],"line":389},"46":{"loc":{"start":{"line":390,"column":25},"end":{"line":390,"column":null}},"type":"binary-expr","locations":[{"start":{"line":390,"column":25},"end":{"line":390,"column":54}},{"start":{"line":390,"column":54},"end":{"line":390,"column":null}}],"line":390},"47":{"loc":{"start":{"line":395,"column":39},"end":{"line":395,"column":null}},"type":"cond-expr","locations":[{"start":{"line":395,"column":64},"end":{"line":395,"column":121}},{"start":{"line":395,"column":121},"end":{"line":395,"column":null}}],"line":395},"48":{"loc":{"start":{"line":396,"column":25},"end":{"line":396,"column":null}},"type":"binary-expr","locations":[{"start":{"line":396,"column":25},"end":{"line":396,"column":51}},{"start":{"line":396,"column":51},"end":{"line":396,"column":null}}],"line":396},"49":{"loc":{"start":{"line":401,"column":39},"end":{"line":401,"column":null}},"type":"cond-expr","locations":[{"start":{"line":401,"column":66},"end":{"line":401,"column":123}},{"start":{"line":401,"column":123},"end":{"line":401,"column":null}}],"line":401},"50":{"loc":{"start":{"line":402,"column":25},"end":{"line":402,"column":null}},"type":"binary-expr","locations":[{"start":{"line":402,"column":25},"end":{"line":402,"column":53}},{"start":{"line":402,"column":53},"end":{"line":402,"column":null}}],"line":402},"51":{"loc":{"start":{"line":412,"column":13},"end":{"line":425,"column":24}},"type":"cond-expr","locations":[{"start":{"line":413,"column":14},"end":{"line":422,"column":15}},{"start":{"line":422,"column":14},"end":{"line":425,"column":24}}],"line":412},"52":{"loc":{"start":{"line":425,"column":13},"end":{"line":444,"column":null}},"type":"cond-expr","locations":[{"start":{"line":426,"column":14},"end":{"line":435,"column":15}},{"start":{"line":435,"column":14},"end":{"line":444,"column":null}}],"line":425},"53":{"loc":{"start":{"line":440,"column":17},"end":{"line":441,"column":26}},"type":"binary-expr","locations":[{"start":{"line":440,"column":17},"end":{"line":440,"column":27}},{"start":{"line":440,"column":27},"end":{"line":441,"column":26}}],"line":440},"54":{"loc":{"start":{"line":441,"column":17},"end":{"line":441,"column":null}},"type":"cond-expr","locations":[{"start":{"line":441,"column":26},"end":{"line":441,"column":44}},{"start":{"line":441,"column":44},"end":{"line":441,"column":null}}],"line":441},"55":{"loc":{"start":{"line":447,"column":9},"end":{"line":458,"column":null}},"type":"binary-expr","locations":[{"start":{"line":447,"column":9},"end":{"line":447,"column":null}},{"start":{"line":448,"column":10},"end":{"line":458,"column":null}}],"line":447}},"s":{"0":0,"1":0,"2":0,"3":0,"4":0,"5":0,"6":0,"7":0,"8":0,"9":0,"10":0,"11":0,"12":0,"13":0,"14":0,"15":0,"16":0,"17":0,"18":0,"19":0,"20":0,"21":0,"22":0,"23":0,"24":0,"25":0,"26":0,"27":0,"28":0,"29":0,"30":0,"31":0,"32":0,"33":0,"34":0,"35":0,"36":0,"37":0,"38":0,"39":0,"40":0,"41":0,"42":0,"43":0,"44":0,"45":0,"46":0,"47":0,"48":0,"49":0,"50":0,"51":0,"52":0,"53":0,"54":0,"55":0,"56":0,"57":0,"58":0,"59":0,"60":0,"61":0,"62":0,"63":0,"64":0,"65":0,"66":0,"67":0,"68":0,"69":0,"70":0},"f":{"0":0,"1":0,"2":0,"3":0,"4":0,"5":0,"6":0,"7":0,"8":0,"9":0,"10":0,"11":0,"12":0,"13":0,"14":0,"15":0,"16":0,"17":0,"18":0,"19":0,"20":0,"21":0,"22":0},"b":{"0":[0,0],"1":[0,0],"2":[0,0],"3":[0,0],"4":[0,0],"5":[0,0],"6":[0,0],"7":[0,0],"8":[0,0],"9":[0,0],"10":[0,0],"11":[0,0],"12":[0,0],"13":[0,0],"14":[0,0],"15":[0,0],"16":[0,0],"17":[0,0],"18":[0,0],"19":[0,0],"20":[0,0],"21":[0,0],"22":[0,0],"23":[0,0],"24":[0,0],"25":[0,0],"26":[0,0],"27":[0,0],"28":[0,0],"29":[0,0],"30":[0,0],"31":[0,0],"32":[0,0],"33":[0,0],"34":[0,0],"35":[0,0],"36":[0,0],"37":[0,0],"38":[0,0],"39":[0,0],"40":[0,0],"41":[0,0],"42":[0,0],"43":[0,0],"44":[0,0],"45":[0,0],"46":[0,0],"47":[0,0],"48":[0,0],"49":[0,0],"50":[0,0],"51":[0,0],"52":[0,0],"53":[0,0],"54":[0,0],"55":[0,0]},"meta":{"lastBranch":56,"lastFunction":23,"lastStatement":71,"seen":{"s:9:13:463:Infinity":0,"f:9:13:9:47":0,"s:10:19:10:34":1,"s:11:21:11:Infinity":2,"f:11:21:11:37":1,"s:11:43:11:92":3,"s:12:17:12:Infinity":4,"f:12:17:12:33":2,"s:12:39:12:59":5,"s:13:21:13:Infinity":6,"f:13:21:13:37":3,"s:13:43:13:67":7,"s:14:25:14:Infinity":8,"f:14:25:14:41":4,"s:14:47:14:75":9,"s:16:30:16:Infinity":10,"s:18:2:28:Infinity":11,"f:18:2:18:18":5,"s:19:4:27:Infinity":12,"s:20:20:20:Infinity":13,"b:21:6:24:Infinity:undefined:undefined:undefined:undefined":0,"s:21:6:24:Infinity":14,"s:22:23:22:Infinity":15,"s:23:8:23:Infinity":16,"s:30:2:32:Infinity":17,"f:30:2:30:18":6,"s:31:4:31:Infinity":18,"s:34:22:40:Infinity":19,"f:34:22:34:Infinity":7,"s:36:6:36:Infinity":20,"s:37:6:37:Infinity":21,"f:37:6:37:17":8,"s:37:27:37:50":22,"s:42:24:65:Infinity":23,"f:42:24:42:42":9,"s:43:46:43:Infinity":24,"b:44:4:44:Infinity:undefined:undefined:undefined:undefined":1,"s:44:4:44:Infinity":25,"s:44:38:44:Infinity":26,"b:45:4:45:Infinity:undefined:undefined:undefined:undefined":2,"s:45:4:45:Infinity":27,"s:45:37:45:Infinity":28,"s:47:23:47:Infinity":29,"b:48:4:52:Infinity:50:11:52:Infinity":3,"s:48:4:52:Infinity":30,"s:49:6:49:Infinity":31,"b:50:11:52:Infinity:undefined:undefined:undefined:undefined":4,"s:50:11:52:Infinity":32,"s:51:6:51:Infinity":33,"s:54:24:54:Infinity":34,"b:55:4:59:Infinity:57:11:59:Infinity":5,"s:55:4:59:Infinity":35,"s:56:6:56:Infinity":36,"b:57:11:59:Infinity:undefined:undefined:undefined:undefined":6,"s:57:11:59:Infinity":37,"s:58:6:58:Infinity":38,"b:61:4:61:Infinity:undefined:undefined:undefined:undefined":7,"s:61:4:61:Infinity":39,"s:61:32:61:Infinity":40,"s:63:4:63:Infinity":41,"s:64:4:64:Infinity":42,"s:67:21:74:Infinity":43,"f:67:21:67:39":10,"b:68:4:70:Infinity:undefined:undefined:undefined:undefined":8,"s:68:4:70:Infinity":44,"b:69:6:69:Infinity:undefined:undefined:undefined:undefined":9,"s:69:6:69:Infinity":45,"s:69:28:69:Infinity":46,"b:71:4:73:Infinity:undefined:undefined:undefined:undefined":10,"s:71:4:73:Infinity":47,"s:72:6:72:Infinity":48,"s:76:21:80:Infinity":49,"f:76:21:76:39":11,"b:77:4:79:Infinity:undefined:undefined:undefined:undefined":11,"s:77:4:79:Infinity":50,"s:78:6:78:Infinity":51,"s:82:23:90:Infinity":52,"f:82:23:82:Infinity":12,"s:84:6:84:Infinity":53,"b:85:6:87:Infinity:undefined:undefined:undefined:undefined":12,"s:85:6:87:Infinity":54,"s:86:8:86:Infinity":55,"s:92:27:99:Infinity":56,"f:92:27:92:Infinity":13,"b:94:6:96:Infinity:undefined:undefined:undefined:undefined":13,"s:94:6:96:Infinity":57,"b:94:10:94:28:94:28:94:55":14,"s:95:8:95:Infinity":58,"s:101:34:104:Infinity":59,"f:101:34:101:52":14,"s:102:4:102:Infinity":60,"s:103:4:103:Infinity":61,"s:106:2:461:Infinity":62,"b:122:22:122:Infinity:123:22:123:Infinity":15,"b:126:39:126:Infinity:126:71:126:Infinity":16,"b:128:84:128:123:128:123:128:143":17,"b:137:22:137:Infinity:138:22:140:Infinity":18,"b:139:22:139:Infinity:140:22:140:Infinity":19,"b:143:39:143:Infinity:143:71:143:Infinity":20,"b:145:84:145:123:145:123:145:143":21,"b:154:22:154:Infinity:155:22:155:Infinity":22,"b:160:85:160:124:160:124:160:144":23,"b:167:9:167:Infinity:168:10:170:Infinity":24,"b:174:11:174:Infinity:175:12:265:Infinity":25,"f:189:20:189:31":15,"s:189:37:189:Infinity":63,"b:192:41:192:81:192:81:192:Infinity":26,"b:195:19:195:39:195:39:195:Infinity":27,"f:206:20:206:31":16,"s:206:37:206:Infinity":64,"b:209:40:209:80:209:80:209:Infinity":28,"b:212:19:212:38:212:38:212:Infinity":29,"f:223:20:223:31":17,"s:223:37:223:Infinity":65,"b:226:37:226:77:226:77:226:Infinity":30,"b:229:19:229:35:229:35:229:Infinity":31,"f:240:20:240:31":18,"s:240:37:240:Infinity":66,"b:243:37:243:77:243:77:243:Infinity":32,"b:246:19:246:35:246:35:246:Infinity":33,"f:257:20:257:31":19,"s:257:37:257:Infinity":67,"b:259:35:259:75:259:75:259:Infinity":34,"b:262:19:262:33:262:33:262:Infinity":35,"b:268:11:268:Infinity:269:12:350:Infinity":36,"f:290:24:290:35":20,"s:290:41:290:Infinity":68,"b:294:21:294:Infinity:295:22:299:Infinity":37,"f:314:24:314:35":21,"s:314:41:314:Infinity":69,"b:318:21:318:Infinity:319:22:323:Infinity":38,"f:338:24:338:35":22,"s:338:41:338:Infinity":70,"b:342:21:342:Infinity:343:22:347:Infinity":39,"b:353:11:353:Infinity:354:12:408:Infinity":40,"b:365:23:365:82:365:82:365:Infinity":41,"b:370:88:370:108:370:108:370:118":42,"b:374:88:374:108:374:108:374:118":43,"b:378:88:378:106:378:106:378:116":44,"b:389:67:389:124:389:124:389:Infinity":45,"b:390:25:390:54:390:54:390:Infinity":46,"b:395:64:395:121:395:121:395:Infinity":47,"b:396:25:396:51:396:51:396:Infinity":48,"b:401:66:401:123:401:123:401:Infinity":49,"b:402:25:402:53:402:53:402:Infinity":50,"b:413:14:422:15:422:14:425:24":51,"b:426:14:435:15:435:14:444:Infinity":52,"b:440:17:440:27:440:27:441:26":53,"b:441:26:441:44:441:44:441:Infinity":54,"b:447:9:447:Infinity:448:10:458:Infinity":55},"fnNames":{}}}
,"/home/btpl-lap-22/live/react-app/src/features/applicationForm/saga.ts": {"path":"/home/btpl-lap-22/live/react-app/src/features/applicationForm/saga.ts","statementMap":{"0":{"start":{"line":8,"column":2},"end":{"line":41,"column":null}},"1":{"start":{"line":9,"column":24},"end":{"line":11,"column":null}},"2":{"start":{"line":10,"column":28},"end":{"line":10,"column":null}},"3":{"start":{"line":13,"column":20},"end":{"line":24,"column":null}},"4":{"start":{"line":26,"column":22},"end":{"line":26,"column":null}},"5":{"start":{"line":28,"column":4},"end":{"line":37,"column":null}},"6":{"start":{"line":29,"column":6},"end":{"line":33,"column":null}},"7":{"start":{"line":34,"column":6},"end":{"line":34,"column":null}},"8":{"start":{"line":36,"column":6},"end":{"line":36,"column":null}},"9":{"start":{"line":39,"column":20},"end":{"line":39,"column":null}},"10":{"start":{"line":40,"column":4},"end":{"line":40,"column":null}}},"fnMap":{"0":{"name":"submitApplicationSaga","decl":{"start":{"line":7,"column":17},"end":{"line":7,"column":76}},"loc":{"start":{"line":7,"column":76},"end":{"line":42,"column":null}},"line":7},"1":{"name":"(anonymous_1)","decl":{"start":{"line":9,"column":30},"end":{"line":9,"column":null}},"loc":{"start":{"line":10,"column":28},"end":{"line":10,"column":null}},"line":10}},"branchMap":{"0":{"loc":{"start":{"line":28,"column":4},"end":{"line":37,"column":null}},"type":"if","locations":[{"start":{"line":28,"column":4},"end":{"line":37,"column":null}},{"start":{"line":35,"column":11},"end":{"line":37,"column":null}}],"line":28},"1":{"loc":{"start":{"line":36,"column":47},"end":{"line":36,"column":86}},"type":"binary-expr","locations":[{"start":{"line":36,"column":47},"end":{"line":36,"column":67}},{"start":{"line":36,"column":67},"end":{"line":36,"column":86}}],"line":36},"2":{"loc":{"start":{"line":39,"column":20},"end":{"line":39,"column":null}},"type":"cond-expr","locations":[{"start":{"line":39,"column":43},"end":{"line":39,"column":57}},{"start":{"line":39,"column":57},"end":{"line":39,"column":null}}],"line":39}},"s":{"0":0,"1":0,"2":0,"3":0,"4":0,"5":0,"6":0,"7":0,"8":0,"9":0,"10":0},"f":{"0":0,"1":0},"b":{"0":[0,0],"1":[0,0],"2":[0,0]},"meta":{"lastBranch":3,"lastFunction":2,"lastStatement":11,"seen":{"f:7:17:7:76":0,"s:8:2:41:Infinity":0,"s:9:24:11:Infinity":1,"f:9:30:9:Infinity":1,"s:10:28:10:Infinity":2,"s:13:20:24:Infinity":3,"s:26:22:26:Infinity":4,"b:28:4:37:Infinity:35:11:37:Infinity":0,"s:28:4:37:Infinity":5,"s:29:6:33:Infinity":6,"s:34:6:34:Infinity":7,"s:36:6:36:Infinity":8,"b:36:47:36:67:36:67:36:86":1,"s:39:20:39:Infinity":9,"b:39:43:39:57:39:57:39:Infinity":2,"s:40:4:40:Infinity":10},"fnNames":{}}}
,"/home/btpl-lap-22/live/react-app/src/features/applicationForm/slice.ts": {"path":"/home/btpl-lap-22/live/react-app/src/features/applicationForm/slice.ts","statementMap":{"0":{"start":{"line":5,"column":32},"end":{"line":8,"column":null}},"1":{"start":{"line":10,"column":34},"end":{"line":10,"column":null}},"2":{"start":{"line":11,"column":34},"end":{"line":11,"column":null}}},"fnMap":{},"branchMap":{},"s":{"0":0,"1":0,"2":0},"f":{},"b":{},"meta":{"lastBranch":0,"lastFunction":0,"lastStatement":3,"seen":{"s:5:32:8:Infinity":0,"s:10:34:10:Infinity":1,"s:11:34:11:Infinity":2},"fnNames":{}}}
,"/home/btpl-lap-22/live/react-app/src/features/applicationForm/repository/index.ts": {"path":"/home/btpl-lap-22/live/react-app/src/features/applicationForm/repository/index.ts","statementMap":{"0":{"start":{"line":6,"column":2},"end":{"line":6,"column":null}}},"fnMap":{"0":{"name":"submitApplicationApi","decl":{"start":{"line":5,"column":22},"end":{"line":5,"column":43}},"loc":{"start":{"line":5,"column":103},"end":{"line":7,"column":null}},"line":5}},"branchMap":{},"s":{"0":1},"f":{"0":1},"b":{},"meta":{"lastBranch":0,"lastFunction":1,"lastStatement":1,"seen":{"f:5:22:5:43":0,"s:6:2:6:Infinity":0},"fnNames":{}}}
,"/home/btpl-lap-22/live/react-app/src/features/applicationForm/tests/e2e/visual.spec.ts": {"path":"/home/btpl-lap-22/live/react-app/src/features/applicationForm/tests/e2e/visual.spec.ts","statementMap":{"0":{"start":{"line":3,"column":0},"end":{"line":13,"column":null}},"1":{"start":{"line":4,"column":2},"end":{"line":12,"column":null}},"2":{"start":{"line":5,"column":4},"end":{"line":5,"column":null}},"3":{"start":{"line":6,"column":4},"end":{"line":6,"column":null}},"4":{"start":{"line":7,"column":4},"end":{"line":7,"column":null}},"5":{"start":{"line":8,"column":4},"end":{"line":11,"column":null}}},"fnMap":{"0":{"name":"(anonymous_0)","decl":{"start":{"line":3,"column":14},"end":{"line":3,"column":72}},"loc":{"start":{"line":3,"column":72},"end":{"line":13,"column":1}},"line":3},"1":{"name":"(anonymous_1)","decl":{"start":{"line":4,"column":70},"end":{"line":4,"column":77}},"loc":{"start":{"line":4,"column":90},"end":{"line":12,"column":3}},"line":4}},"branchMap":{},"s":{"0":0,"1":0,"2":0,"3":0,"4":0,"5":0},"f":{"0":0,"1":0},"b":{},"meta":{"lastBranch":0,"lastFunction":2,"lastStatement":6,"seen":{"s:3:0:13:Infinity":0,"f:3:14:3:72":0,"s:4:2:12:Infinity":1,"f:4:70:4:77":1,"s:5:4:5:Infinity":2,"s:6:4:6:Infinity":3,"s:7:4:7:Infinity":4,"s:8:4:11:Infinity":5},"fnNames":{}}}
,"/home/btpl-lap-22/live/react-app/src/features/applicationForm/types/index.ts": {"path":"/home/btpl-lap-22/live/react-app/src/features/applicationForm/types/index.ts","statementMap":{"0":{"start":{"line":32,"column":63},"end":{"line":42,"column":null}}},"fnMap":{},"branchMap":{},"s":{"0":0},"f":{},"b":{},"meta":{"lastBranch":0,"lastFunction":0,"lastStatement":1,"seen":{"s:32:63:42:Infinity":0},"fnNames":{}}}
,"/home/btpl-lap-22/live/react-app/src/shared/api/httpClient.ts": {"path":"/home/btpl-lap-22/live/react-app/src/shared/api/httpClient.ts","statementMap":{"0":{"start":{"line":5,"column":15},"end":{"line":5,"column":null}},"1":{"start":{"line":6,"column":2},"end":{"line":19,"column":null}},"2":{"start":{"line":7,"column":21},"end":{"line":7,"column":null}},"3":{"start":{"line":8,"column":4},"end":{"line":10,"column":null}},"4":{"start":{"line":9,"column":6},"end":{"line":9,"column":null}},"5":{"start":{"line":11,"column":18},"end":{"line":11,"column":null}},"6":{"start":{"line":12,"column":4},"end":{"line":12,"column":null}},"7":{"start":{"line":13,"column":4},"end":{"line":13,"column":null}},"8":{"start":{"line":15,"column":4},"end":{"line":15,"column":null}},"9":{"start":{"line":16,"column":4},"end":{"line":16,"column":null}},"10":{"start":{"line":18,"column":4},"end":{"line":18,"column":null}},"11":{"start":{"line":23,"column":15},"end":{"line":23,"column":null}},"12":{"start":{"line":24,"column":2},"end":{"line":51,"column":null}},"13":{"start":{"line":25,"column":4},"end":{"line":33,"column":null}},"14":{"start":{"line":26,"column":6},"end":{"line":26,"column":null}},"15":{"start":{"line":26,"column":37},"end":{"line":26,"column":62}},"16":{"start":{"line":27,"column":6},"end":{"line":27,"column":null}},"17":{"start":{"line":28,"column":6},"end":{"line":32,"column":null}},"18":{"start":{"line":35,"column":21},"end":{"line":39,"column":null}},"19":{"start":{"line":40,"column":4},"end":{"line":42,"column":null}},"20":{"start":{"line":41,"column":6},"end":{"line":41,"column":null}},"21":{"start":{"line":43,"column":18},"end":{"line":43,"column":null}},"22":{"start":{"line":44,"column":4},"end":{"line":44,"column":null}},"23":{"start":{"line":45,"column":4},"end":{"line":45,"column":null}},"24":{"start":{"line":47,"column":4},"end":{"line":47,"column":null}},"25":{"start":{"line":48,"column":4},"end":{"line":48,"column":null}},"26":{"start":{"line":50,"column":4},"end":{"line":50,"column":null}}},"fnMap":{"0":{"name":"httpGet","decl":{"start":{"line":4,"column":22},"end":{"line":4,"column":33}},"loc":{"start":{"line":4,"column":63},"end":{"line":20,"column":null}},"line":4},"1":{"name":"httpPost","decl":{"start":{"line":22,"column":22},"end":{"line":22,"column":37}},"loc":{"start":{"line":22,"column":76},"end":{"line":52,"column":null}},"line":22},"2":{"name":"(anonymous_2)","decl":{"start":{"line":26,"column":16},"end":{"line":26,"column":25}},"loc":{"start":{"line":26,"column":37},"end":{"line":26,"column":62}},"line":26}},"branchMap":{"0":{"loc":{"start":{"line":8,"column":4},"end":{"line":10,"column":null}},"type":"if","locations":[{"start":{"line":8,"column":4},"end":{"line":10,"column":null}},{"start":{},"end":{}}],"line":8},"1":{"loc":{"start":{"line":15,"column":39},"end":{"line":15,"column":94}},"type":"cond-expr","locations":[{"start":{"line":15,"column":62},"end":{"line":15,"column":76}},{"start":{"line":15,"column":76},"end":{"line":15,"column":94}}],"line":15},"2":{"loc":{"start":{"line":25,"column":4},"end":{"line":33,"column":null}},"type":"if","locations":[{"start":{"line":25,"column":4},"end":{"line":33,"column":null}},{"start":{},"end":{}}],"line":25},"3":{"loc":{"start":{"line":40,"column":4},"end":{"line":42,"column":null}},"type":"if","locations":[{"start":{"line":40,"column":4},"end":{"line":42,"column":null}},{"start":{},"end":{}}],"line":40},"4":{"loc":{"start":{"line":47,"column":39},"end":{"line":47,"column":95}},"type":"cond-expr","locations":[{"start":{"line":47,"column":62},"end":{"line":47,"column":76}},{"start":{"line":47,"column":76},"end":{"line":47,"column":95}}],"line":47}},"s":{"0":1,"1":1,"2":1,"3":1,"4":0,"5":1,"6":1,"7":1,"8":0,"9":0,"10":1,"11":1,"12":1,"13":1,"14":1,"15":1,"16":1,"17":1,"18":0,"19":0,"20":0,"21":0,"22":0,"23":0,"24":0,"25":0,"26":1},"f":{"0":1,"1":1,"2":1},"b":{"0":[0,1],"1":[0,0],"2":[1,0],"3":[0,0],"4":[0,0]},"meta":{"lastBranch":5,"lastFunction":3,"lastStatement":27,"seen":{"f:4:22:4:33":0,"s:5:15:5:Infinity":0,"s:6:2:19:Infinity":1,"s:7:21:7:Infinity":2,"b:8:4:10:Infinity:undefined:undefined:undefined:undefined":0,"s:8:4:10:Infinity":3,"s:9:6:9:Infinity":4,"s:11:18:11:Infinity":5,"s:12:4:12:Infinity":6,"s:13:4:13:Infinity":7,"s:15:4:15:Infinity":8,"b:15:62:15:76:15:76:15:94":1,"s:16:4:16:Infinity":9,"s:18:4:18:Infinity":10,"f:22:22:22:37":1,"s:23:15:23:Infinity":11,"s:24:2:51:Infinity":12,"b:25:4:33:Infinity:undefined:undefined:undefined:undefined":2,"s:25:4:33:Infinity":13,"s:26:6:26:Infinity":14,"f:26:16:26:25":2,"s:26:37:26:62":15,"s:27:6:27:Infinity":16,"s:28:6:32:Infinity":17,"s:35:21:39:Infinity":18,"b:40:4:42:Infinity:undefined:undefined:undefined:undefined":3,"s:40:4:42:Infinity":19,"s:41:6:41:Infinity":20,"s:43:18:43:Infinity":21,"s:44:4:44:Infinity":22,"s:45:4:45:Infinity":23,"s:47:4:47:Infinity":24,"b:47:62:47:76:47:76:47:95":4,"s:48:4:48:Infinity":25,"s:50:4:50:Infinity":26},"fnNames":{}}}
,"/home/btpl-lap-22/live/react-app/src/shared/config/index.ts": {"path":"/home/btpl-lap-22/live/react-app/src/shared/config/index.ts","statementMap":{"0":{"start":{"line":1,"column":25},"end":{"line":4,"column":null}},"1":{"start":{"line":6,"column":34},"end":{"line":11,"column":null}},"2":{"start":{"line":13,"column":23},"end":{"line":16,"column":null}},"3":{"start":{"line":18,"column":37},"end":{"line":18,"column":null}},"4":{"start":{"line":20,"column":26},"end":{"line":37,"column":null}}},"fnMap":{},"branchMap":{},"s":{"0":2,"1":2,"2":2,"3":2,"4":2},"f":{},"b":{},"meta":{"lastBranch":0,"lastFunction":0,"lastStatement":5,"seen":{"s:1:25:4:Infinity":0,"s:6:34:11:Infinity":1,"s:13:23:16:Infinity":2,"s:18:37:18:Infinity":3,"s:20:26:37:Infinity":4},"fnNames":{}}}
,"/home/btpl-lap-22/live/react-app/src/shared/store/createListSlice.ts": {"path":"/home/btpl-lap-22/live/react-app/src/shared/store/createListSlice.ts","statementMap":{"0":{"start":{"line":22,"column":42},"end":{"line":33,"column":null}},"1":{"start":{"line":35,"column":2},"end":{"line":99,"column":null}},"2":{"start":{"line":40,"column":8},"end":{"line":40,"column":null}},"3":{"start":{"line":41,"column":8},"end":{"line":41,"column":null}},"4":{"start":{"line":44,"column":8},"end":{"line":44,"column":null}},"5":{"start":{"line":45,"column":8},"end":{"line":45,"column":null}},"6":{"start":{"line":46,"column":8},"end":{"line":46,"column":null}},"7":{"start":{"line":49,"column":8},"end":{"line":49,"column":null}},"8":{"start":{"line":50,"column":8},"end":{"line":50,"column":null}},"9":{"start":{"line":53,"column":8},"end":{"line":53,"column":null}},"10":{"start":{"line":56,"column":8},"end":{"line":61,"column":null}},"11":{"start":{"line":57,"column":10},"end":{"line":57,"column":null}},"12":{"start":{"line":59,"column":10},"end":{"line":59,"column":null}},"13":{"start":{"line":60,"column":10},"end":{"line":60,"column":null}},"14":{"start":{"line":64,"column":8},"end":{"line":64,"column":null}},"15":{"start":{"line":67,"column":8},"end":{"line":67,"column":null}},"16":{"start":{"line":70,"column":8},"end":{"line":70,"column":null}},"17":{"start":{"line":71,"column":8},"end":{"line":71,"column":null}},"18":{"start":{"line":72,"column":8},"end":{"line":72,"column":null}},"19":{"start":{"line":73,"column":8},"end":{"line":73,"column":null}},"20":{"start":{"line":76,"column":8},"end":{"line":76,"column":null}},"21":{"start":{"line":77,"column":8},"end":{"line":77,"column":null}},"22":{"start":{"line":78,"column":8},"end":{"line":78,"column":null}},"23":{"start":{"line":81,"column":8},"end":{"line":81,"column":null}},"24":{"start":{"line":82,"column":8},"end":{"line":82,"column":null}},"25":{"start":{"line":83,"column":8},"end":{"line":83,"column":null}},"26":{"start":{"line":84,"column":8},"end":{"line":86,"column":null}},"27":{"start":{"line":85,"column":10},"end":{"line":85,"column":null}},"28":{"start":{"line":89,"column":8},"end":{"line":89,"column":null}},"29":{"start":{"line":90,"column":8},"end":{"line":90,"column":null}},"30":{"start":{"line":93,"column":8},"end":{"line":93,"column":null}},"31":{"start":{"line":96,"column":8},"end":{"line":96,"column":null}}},"fnMap":{"0":{"name":"createListSlice","decl":{"start":{"line":18,"column":16},"end":{"line":18,"column":null}},"loc":{"start":{"line":21,"column":28},"end":{"line":100,"column":null}},"line":21},"1":{"name":"fetchRequest","decl":{"start":{"line":39,"column":6},"end":{"line":39,"column":19}},"loc":{"start":{"line":39,"column":68},"end":{"line":42,"column":null}},"line":39},"2":{"name":"fetchSuccess","decl":{"start":{"line":43,"column":6},"end":{"line":43,"column":19}},"loc":{"start":{"line":43,"column":54},"end":{"line":47,"column":null}},"line":43},"3":{"name":"fetchFailure","decl":{"start":{"line":48,"column":6},"end":{"line":48,"column":19}},"loc":{"start":{"line":48,"column":57},"end":{"line":51,"column":null}},"line":48},"4":{"name":"setSearchQuery","decl":{"start":{"line":52,"column":6},"end":{"line":52,"column":21}},"loc":{"start":{"line":52,"column":59},"end":{"line":54,"column":null}},"line":52},"5":{"name":"setSort","decl":{"start":{"line":55,"column":6},"end":{"line":55,"column":14}},"loc":{"start":{"line":55,"column":92},"end":{"line":62,"column":null}},"line":55},"6":{"name":"updateFormField","decl":{"start":{"line":63,"column":6},"end":{"line":63,"column":22}},"loc":{"start":{"line":63,"column":82},"end":{"line":65,"column":null}},"line":63},"7":{"name":"setFormFields","decl":{"start":{"line":66,"column":6},"end":{"line":66,"column":20}},"loc":{"start":{"line":66,"column":62},"end":{"line":68,"column":null}},"line":66},"8":{"name":"resetForm","decl":{"start":{"line":69,"column":6},"end":{"line":69,"column":16}},"loc":{"start":{"line":69,"column":65},"end":{"line":74,"column":null}},"line":69},"9":{"name":"saveRequest","decl":{"start":{"line":75,"column":6},"end":{"line":75,"column":18}},"loc":{"start":{"line":75,"column":67},"end":{"line":79,"column":null}},"line":75},"10":{"name":"saveSuccess","decl":{"start":{"line":80,"column":6},"end":{"line":80,"column":18}},"loc":{"start":{"line":80,"column":79},"end":{"line":87,"column":null}},"line":80},"11":{"name":"saveFailure","decl":{"start":{"line":88,"column":6},"end":{"line":88,"column":18}},"loc":{"start":{"line":88,"column":56},"end":{"line":91,"column":null}},"line":88},"12":{"name":"setLocalError","decl":{"start":{"line":92,"column":6},"end":{"line":92,"column":20}},"loc":{"start":{"line":92,"column":58},"end":{"line":94,"column":null}},"line":92},"13":{"name":"setSuccessMessage","decl":{"start":{"line":95,"column":6},"end":{"line":95,"column":24}},"loc":{"start":{"line":95,"column":62},"end":{"line":97,"column":null}},"line":95}},"branchMap":{"0":{"loc":{"start":{"line":56,"column":8},"end":{"line":61,"column":null}},"type":"if","locations":[{"start":{"line":56,"column":8},"end":{"line":61,"column":null}},{"start":{"line":58,"column":15},"end":{"line":61,"column":null}}],"line":56},"1":{"loc":{"start":{"line":57,"column":28},"end":{"line":57,"column":null}},"type":"cond-expr","locations":[{"start":{"line":57,"column":56},"end":{"line":57,"column":65}},{"start":{"line":57,"column":65},"end":{"line":57,"column":null}}],"line":57},"2":{"loc":{"start":{"line":60,"column":28},"end":{"line":60,"column":null}},"type":"binary-expr","locations":[{"start":{"line":60,"column":28},"end":{"line":60,"column":56}},{"start":{"line":60,"column":56},"end":{"line":60,"column":null}}],"line":60},"3":{"loc":{"start":{"line":84,"column":8},"end":{"line":86,"column":null}},"type":"if","locations":[{"start":{"line":84,"column":8},"end":{"line":86,"column":null}},{"start":{},"end":{}}],"line":84}},"s":{"0":0,"1":0,"2":0,"3":0,"4":0,"5":0,"6":0,"7":0,"8":0,"9":0,"10":0,"11":0,"12":0,"13":0,"14":0,"15":0,"16":0,"17":0,"18":0,"19":0,"20":0,"21":0,"22":0,"23":0,"24":0,"25":0,"26":0,"27":0,"28":0,"29":0,"30":0,"31":0},"f":{"0":0,"1":0,"2":0,"3":0,"4":0,"5":0,"6":0,"7":0,"8":0,"9":0,"10":0,"11":0,"12":0,"13":0},"b":{"0":[0,0],"1":[0,0],"2":[0,0],"3":[0,0]},"meta":{"lastBranch":4,"lastFunction":14,"lastStatement":32,"seen":{"f:18:16:18:Infinity":0,"s:22:42:33:Infinity":0,"s:35:2:99:Infinity":1,"f:39:6:39:19":1,"s:40:8:40:Infinity":2,"s:41:8:41:Infinity":3,"f:43:6:43:19":2,"s:44:8:44:Infinity":4,"s:45:8:45:Infinity":5,"s:46:8:46:Infinity":6,"f:48:6:48:19":3,"s:49:8:49:Infinity":7,"s:50:8:50:Infinity":8,"f:52:6:52:21":4,"s:53:8:53:Infinity":9,"f:55:6:55:14":5,"b:56:8:61:Infinity:58:15:61:Infinity":0,"s:56:8:61:Infinity":10,"s:57:10:57:Infinity":11,"b:57:56:57:65:57:65:57:Infinity":1,"s:59:10:59:Infinity":12,"s:60:10:60:Infinity":13,"b:60:28:60:56:60:56:60:Infinity":2,"f:63:6:63:22":6,"s:64:8:64:Infinity":14,"f:66:6:66:20":7,"s:67:8:67:Infinity":15,"f:69:6:69:16":8,"s:70:8:70:Infinity":16,"s:71:8:71:Infinity":17,"s:72:8:72:Infinity":18,"s:73:8:73:Infinity":19,"f:75:6:75:18":9,"s:76:8:76:Infinity":20,"s:77:8:77:Infinity":21,"s:78:8:78:Infinity":22,"f:80:6:80:18":10,"s:81:8:81:Infinity":23,"s:82:8:82:Infinity":24,"s:83:8:83:Infinity":25,"b:84:8:86:Infinity:undefined:undefined:undefined:undefined":3,"s:84:8:86:Infinity":26,"s:85:10:85:Infinity":27,"f:88:6:88:18":11,"s:89:8:89:Infinity":28,"s:90:8:90:Infinity":29,"f:92:6:92:20":12,"s:93:8:93:Infinity":30,"f:95:6:95:24":13,"s:96:8:96:Infinity":31},"fnNames":{}}}
,"/home/btpl-lap-22/live/react-app/src/shared/store/hooks.ts": {"path":"/home/btpl-lap-22/live/react-app/src/shared/store/hooks.ts","statementMap":{"0":{"start":{"line":4,"column":13},"end":{"line":4,"column":61}},"1":{"start":{"line":4,"column":36},"end":{"line":4,"column":61}},"2":{"start":{"line":5,"column":63},"end":{"line":5,"column":null}}},"fnMap":{"0":{"name":"(anonymous_0)","decl":{"start":{"line":4,"column":13},"end":{"line":4,"column":36}},"loc":{"start":{"line":4,"column":36},"end":{"line":4,"column":61}},"line":4}},"branchMap":{},"s":{"0":0,"1":0,"2":0},"f":{"0":0},"b":{},"meta":{"lastBranch":0,"lastFunction":1,"lastStatement":3,"seen":{"s:4:13:4:61":0,"f:4:13:4:36":0,"s:4:36:4:61":1,"s:5:63:5:Infinity":2},"fnNames":{}}}
,"/home/btpl-lap-22/live/react-app/src/shared/store/store.ts": {"path":"/home/btpl-lap-22/live/react-app/src/shared/store/store.ts","statementMap":{"0":{"start":{"line":10,"column":23},"end":{"line":10,"column":44}},"1":{"start":{"line":14,"column":2},"end":{"line":14,"column":null}},"2":{"start":{"line":15,"column":2},"end":{"line":15,"column":null}},"3":{"start":{"line":18,"column":21},"end":{"line":25,"column":null}},"4":{"start":{"line":24,"column":40},"end":{"line":24,"column":null}},"5":{"start":{"line":27,"column":0},"end":{"line":27,"column":null}}},"fnMap":{"0":{"name":"rootSaga","decl":{"start":{"line":13,"column":10},"end":{"line":13,"column":21}},"loc":{"start":{"line":13,"column":21},"end":{"line":16,"column":null}},"line":13},"1":{"name":"(anonymous_1)","decl":{"start":{"line":24,"column":2},"end":{"line":24,"column":15}},"loc":{"start":{"line":24,"column":40},"end":{"line":24,"column":null}},"line":24}},"branchMap":{},"s":{"0":0,"1":0,"2":0,"3":0,"4":0,"5":0},"f":{"0":0,"1":0},"b":{},"meta":{"lastBranch":0,"lastFunction":2,"lastStatement":6,"seen":{"s:10:23:10:44":0,"f:13:10:13:21":0,"s:14:2:14:Infinity":1,"s:15:2:15:Infinity":2,"s:18:21:25:Infinity":3,"f:24:2:24:15":1,"s:24:40:24:Infinity":4,"s:27:0:27:Infinity":5},"fnNames":{}}}
,"/home/btpl-lap-22/live/react-app/src/shared/store/uiSlice.ts": {"path":"/home/btpl-lap-22/live/react-app/src/shared/store/uiSlice.ts","statementMap":{"0":{"start":{"line":9,"column":30},"end":{"line":13,"column":null}},"1":{"start":{"line":15,"column":23},"end":{"line":32,"column":null}},"2":{"start":{"line":20,"column":6},"end":{"line":20,"column":null}},"3":{"start":{"line":23,"column":6},"end":{"line":23,"column":null}},"4":{"start":{"line":26,"column":6},"end":{"line":26,"column":null}},"5":{"start":{"line":29,"column":6},"end":{"line":29,"column":null}},"6":{"start":{"line":34,"column":25},"end":{"line":34,"column":null}},"7":{"start":{"line":35,"column":25},"end":{"line":35,"column":null}}},"fnMap":{"0":{"name":"setCurrentTab","decl":{"start":{"line":19,"column":4},"end":{"line":19,"column":18}},"loc":{"start":{"line":19,"column":77},"end":{"line":21,"column":null}},"line":19},"1":{"name":"toggleMobileMenu","decl":{"start":{"line":22,"column":4},"end":{"line":22,"column":21}},"loc":{"start":{"line":22,"column":28},"end":{"line":24,"column":null}},"line":22},"2":{"name":"setMobileMenuOpen","decl":{"start":{"line":25,"column":4},"end":{"line":25,"column":22}},"loc":{"start":{"line":25,"column":61},"end":{"line":27,"column":null}},"line":25},"3":{"name":"toggleTheme","decl":{"start":{"line":28,"column":4},"end":{"line":28,"column":16}},"loc":{"start":{"line":28,"column":23},"end":{"line":30,"column":null}},"line":28}},"branchMap":{"0":{"loc":{"start":{"line":29,"column":20},"end":{"line":29,"column":null}},"type":"cond-expr","locations":[{"start":{"line":29,"column":46},"end":{"line":29,"column":55}},{"start":{"line":29,"column":55},"end":{"line":29,"column":null}}],"line":29}},"s":{"0":0,"1":0,"2":0,"3":0,"4":0,"5":0,"6":0,"7":0},"f":{"0":0,"1":0,"2":0,"3":0},"b":{"0":[0,0]},"meta":{"lastBranch":1,"lastFunction":4,"lastStatement":8,"seen":{"s:9:30:13:Infinity":0,"s:15:23:32:Infinity":1,"f:19:4:19:18":0,"s:20:6:20:Infinity":2,"f:22:4:22:21":1,"s:23:6:23:Infinity":3,"f:25:4:25:22":2,"s:26:6:26:Infinity":4,"f:28:4:28:16":3,"s:29:6:29:Infinity":5,"b:29:46:29:55:29:55:29:Infinity":0,"s:34:25:34:Infinity":6,"s:35:25:35:Infinity":7},"fnNames":{}}}
,"/home/btpl-lap-22/live/react-app/src/shared/tracing/tracer.ts": {"path":"/home/btpl-lap-22/live/react-app/src/shared/tracing/tracer.ts","statementMap":{"0":{"start":{"line":10,"column":17},"end":{"line":12,"column":null}},"1":{"start":{"line":14,"column":17},"end":{"line":23,"column":null}},"2":{"start":{"line":25,"column":0},"end":{"line":25,"column":null}},"3":{"start":{"line":27,"column":0},"end":{"line":33,"column":null}},"4":{"start":{"line":35,"column":30},"end":{"line":35,"column":null}}},"fnMap":{},"branchMap":{},"s":{"0":2,"1":2,"2":2,"3":2,"4":2},"f":{},"b":{},"meta":{"lastBranch":0,"lastFunction":0,"lastStatement":5,"seen":{"s:10:17:12:Infinity":0,"s:14:17:23:Infinity":1,"s:25:0:25:Infinity":2,"s:27:0:33:Infinity":3,"s:35:30:35:Infinity":4},"fnNames":{}}}
,"/home/btpl-lap-22/live/react-app/src/shared/utils/normalizeKey.ts": {"path":"/home/btpl-lap-22/live/react-app/src/shared/utils/normalizeKey.ts","statementMap":{"0":{"start":{"line":2,"column":2},"end":{"line":2,"column":null}},"1":{"start":{"line":2,"column":41},"end":{"line":2,"column":null}},"2":{"start":{"line":3,"column":2},"end":{"line":3,"column":null}},"3":{"start":{"line":7,"column":2},"end":{"line":7,"column":null}}},"fnMap":{"0":{"name":"normalizeKey","decl":{"start":{"line":1,"column":16},"end":{"line":1,"column":29}},"loc":{"start":{"line":1,"column":51},"end":{"line":4,"column":null}},"line":1},"1":{"name":"isEqualNormalized","decl":{"start":{"line":6,"column":16},"end":{"line":6,"column":34}},"loc":{"start":{"line":6,"column":73},"end":{"line":8,"column":null}},"line":6}},"branchMap":{"0":{"loc":{"start":{"line":2,"column":2},"end":{"line":2,"column":null}},"type":"if","locations":[{"start":{"line":2,"column":2},"end":{"line":2,"column":null}},{"start":{},"end":{}}],"line":2},"1":{"loc":{"start":{"line":2,"column":6},"end":{"line":2,"column":41}},"type":"binary-expr","locations":[{"start":{"line":2,"column":6},"end":{"line":2,"column":22}},{"start":{"line":2,"column":22},"end":{"line":2,"column":41}}],"line":2}},"s":{"0":12,"1":0,"2":12,"3":4},"f":{"0":12,"1":4},"b":{"0":[0,12],"1":[12,12]},"meta":{"lastBranch":2,"lastFunction":2,"lastStatement":4,"seen":{"f:1:16:1:29":0,"b:2:2:2:Infinity:undefined:undefined:undefined:undefined":0,"s:2:2:2:Infinity":0,"b:2:6:2:22:2:22:2:41":1,"s:2:41:2:Infinity":1,"s:3:2:3:Infinity":2,"f:6:16:6:34":1,"s:7:2:7:Infinity":3},"fnNames":{}}}
}
